{
	"New York, NY" : {
		"name" : "New York",
		"state" : "New York",
		"population2020" : 8804190,
		"population2023" : 8258035,
		"population2027" : -104496931,
		"popGrowthRate%" : -15.9,
		"landArea2020" : 300.5,
		"density2020" : 29298,
		"location" : [40.66, -73.94]
	},
	"Los Angeles, CA" : {
		"name" : "Los Angeles",
		"state" : "California",
		"population2020" : 3898747,
		"population2023" : 3820914,
		"population2027" : -12167989,
		"popGrowthRate%" : -5.1,
		"landArea2020" : 469.5,
		"density2020" : 8304,
		"location" : [34.02, -118.41]
	},
	"Chicago, IL" : {
		"name" : "Chicago",
		"state" : "Illinois",
		"population2020" : 2746388,
		"population2023" : 2664452,
		"population2027" : -14132913,
		"popGrowthRate%" : -7.6,
		"landArea2020" : 227.7,
		"density2020" : 12061,
		"location" : [41.84, -87.68]
	},
	"Houston, TX" : {
		"name" : "Houston",
		"state" : "Texas",
		"population2020" : 2304580,
		"population2023" : 2314157,
		"population2027" : 4381007,
		"popGrowthRate%" : 1.1,
		"landArea2020" : 640.4,
		"density2020" : 3599,
		"location" : [29.79, -95.39]
	},
	"Phoenix, AZ" : {
		"name" : "Phoenix",
		"state" : "Arizona",
		"population2020" : 1608139,
		"population2023" : 1650070,
		"population2027" : 10351591,
		"popGrowthRate%" : 6.7,
		"landArea2020" : 518.0,
		"density2020" : 3105,
		"location" : [33.57, -112.09]
	},
	"Philadelphia, PA" : {
		"name" : "Philadelphia",
		"state" : "Pennsylvania",
		"population2020" : 1603797,
		"population2023" : 1550542,
		"population2027" : -9422307,
		"popGrowthRate%" : -8.5,
		"landArea2020" : 134.4,
		"density2020" : 11933,
		"location" : [40.01, -75.13]
	},
	"San Antonio, TX" : {
		"name" : "San Antonio",
		"state" : "Texas",
		"population2020" : 1434625,
		"population2023" : 1495295,
		"population2027" : 13999071,
		"popGrowthRate%" : 10.8,
		"landArea2020" : 498.8,
		"density2020" : 2876,
		"location" : [29.46, -98.52]
	},
	"San Diego, CA" : {
		"name" : "San Diego",
		"state" : "California",
		"population2020" : 1386932,
		"population2023" : 1388320,
		"population2027" : 1737826,
		"popGrowthRate%" : 0.3,
		"landArea2020" : 325.9,
		"density2020" : 4256,
		"location" : [32.81, -117.14]
	},
	"Dallas, TX" : {
		"name" : "Dallas",
		"state" : "Texas",
		"population2020" : 1304379,
		"population2023" : 1302868,
		"population2027" : 1000459,
		"popGrowthRate%" : -0.3,
		"landArea2020" : 339.6,
		"density2020" : 3841,
		"location" : [32.79, -96.77]
	},
	"Jacksonville, FL" : {
		"name" : "Jacksonville",
		"state" : "Florida",
		"population2020" : 949611,
		"population2023" : 985843,
		"population2027" : 8497119,
		"popGrowthRate%" : 9.8,
		"landArea2020" : 747.3,
		"density2020" : 1271,
		"location" : [30.34, -81.66]
	},
	"Austin, TX" : {
		"name" : "Austin",
		"state" : "Texas",
		"population2020" : 961855,
		"population2023" : 979882,
		"population2027" : 4711166,
		"popGrowthRate%" : 4.8,
		"landArea2020" : 319.9,
		"density2020" : 3007,
		"location" : [30.30, -97.75]
	},
	"Fort Worth, TX" : {
		"name" : "Fort Worth",
		"state" : "Texas",
		"population2020" : 918915,
		"population2023" : 978468,
		"population2027" : 13283835,
		"popGrowthRate%" : 16.6,
		"landArea2020" : 347.3,
		"density2020" : 2646,
		"location" : [32.78, -97.35]
	},
	"San Jose, CA" : {
		"name" : "San Jose",
		"state" : "California",
		"population2020" : 1013240,
		"population2023" : 969655,
		"population2027" : -8004596,
		"popGrowthRate%" : -11.0,
		"landArea2020" : 178.3,
		"density2020" : 5683,
		"location" : [37.30, -121.81]
	},
	"Columbus, OH" : {
		"name" : "Columbus",
		"state" : "Ohio",
		"population2020" : 905748,
		"population2023" : 913175,
		"population2027" : 2455483,
		"popGrowthRate%" : 2.1,
		"landArea2020" : 220.0,
		"density2020" : 4117,
		"location" : [39.99, -82.99]
	},
	"Charlotte, NC" : {
		"name" : "Charlotte",
		"state" : "North Carolina",
		"population2020" : 874579,
		"population2023" : 911311,
		"population2027" : 8534142,
		"popGrowthRate%" : 10.8,
		"landArea2020" : 308.3,
		"density2020" : 2837,
		"location" : [35.21, -80.83]
	},
	"Indianapolis, IN" : {
		"name" : "Indianapolis",
		"state" : "Indiana",
		"population2020" : 887642,
		"population2023" : 879293,
		"population2027" : -829058,
		"popGrowthRate%" : -2.4,
		"landArea2020" : 361.6,
		"density2020" : 2455,
		"location" : [39.78, -86.15]
	},
	"San Francisco, CA" : {
		"name" : "San Francisco",
		"state" : "California",
		"population2020" : 873965,
		"population2023" : 808988,
		"population2027" : -12638408,
		"popGrowthRate%" : -19.1,
		"landArea2020" : 46.9,
		"density2020" : 18635,
		"location" : [37.73, -123.03]
	},
	"Seattle, WA" : {
		"name" : "Seattle",
		"state" : "Washington",
		"population2020" : 737015,
		"population2023" : 755078,
		"population2027" : 4505373,
		"popGrowthRate%" : 6.3,
		"landArea2020" : 83.8,
		"density2020" : 8795,
		"location" : [47.62, -122.35]
	},
	"Denver, CO" : {
		"name" : "Denver",
		"state" : "Colorado",
		"population2020" : 715522,
		"population2023" : 716577,
		"population2027" : 954506,
		"popGrowthRate%" : 0.4,
		"landArea2020" : 153.1,
		"density2020" : 4674,
		"location" : [39.76, -104.88]
	},
	"Oklahoma City, OK" : {
		"name" : "Oklahoma City",
		"state" : "Oklahoma",
		"population2020" : 681054,
		"population2023" : 702767,
		"population2027" : 5211425,
		"popGrowthRate%" : 8.2,
		"landArea2020" : 606.2,
		"density2020" : 1123,
		"location" : [35.47, -97.51]
	},
	"Nashville, TN" : {
		"name" : "Nashville",
		"state" : "Tennessee",
		"population2020" : 689447,
		"population2023" : 687788,
		"population2027" : 361270,
		"popGrowthRate%" : -0.6,
		"landArea2020" : 475.8,
		"density2020" : 1449,
		"location" : [36.17, -86.79]
	},
	"Washington, DC" : {
		"name" : "Washington",
		"state" : "District of Columbia",
		"population2020" : 689545,
		"population2023" : 678972,
		"population2027" : -1481832,
		"popGrowthRate%" : -3.9,
		"landArea2020" : 61.1,
		"density2020" : 11286,
		"location" : [38.90, -77.02]
	},
	"El Paso, TX" : {
		"name" : "El Paso",
		"state" : "Texas",
		"population2020" : 678815,
		"population2023" : 678958,
		"population2027" : 740587,
		"popGrowthRate%" : 0.1,
		"landArea2020" : 258.4,
		"density2020" : 2627,
		"location" : [31.85, -106.43]
	},
	"Las Vegas, NV" : {
		"name" : "Las Vegas",
		"state" : "Nevada",
		"population2020" : 641903,
		"population2023" : 660929,
		"population2027" : 4599877,
		"popGrowthRate%" : 7.6,
		"landArea2020" : 141.8,
		"density2020" : 4527,
		"location" : [36.23, -115.26]
	},
	"Boston, MA" : {
		"name" : "Boston",
		"state" : "Massachusetts",
		"population2020" : 675647,
		"population2023" : 653833,
		"population2027" : -3859971,
		"popGrowthRate%" : -8.3,
		"landArea2020" : 48.3,
		"density2020" : 13989,
		"location" : [42.34, -71.02]
	},
	"Detroit, MI" : {
		"name" : "Detroit",
		"state" : "Michigan",
		"population2020" : 639111,
		"population2023" : 633218,
		"population2027" : -596930,
		"popGrowthRate%" : -2.4,
		"landArea2020" : 138.7,
		"density2020" : 4608,
		"location" : [42.38, -83.10]
	},
	"Portland, OR" : {
		"name" : "Portland",
		"state" : "Oregon",
		"population2020" : 652503,
		"population2023" : 630498,
		"population2027" : -3886308,
		"popGrowthRate%" : -8.6,
		"landArea2020" : 133.5,
		"density2020" : 4888,
		"location" : [45.54, -122.65]
	},
	"Louisville, KY" : {
		"name" : "Louisville",
		"state" : "Kentucky",
		"population2020" : 633045,
		"population2023" : 622981,
		"population2027" : -1462967,
		"popGrowthRate%" : -4.1,
		"landArea2020" : 324.9,
		"density2020" : 1948,
		"location" : [38.17, -85.65]
	},
	"Memphis, TN" : {
		"name" : "Memphis",
		"state" : "Tennessee",
		"population2020" : 633104,
		"population2023" : 618639,
		"population2027" : -2334888,
		"popGrowthRate%" : -5.8,
		"landArea2020" : 297.0,
		"density2020" : 2132,
		"location" : [35.11, -89.97]
	},
	"Baltimore, MD" : {
		"name" : "Baltimore",
		"state" : "Maryland",
		"population2020" : 585708,
		"population2023" : 565239,
		"population2027" : -3630804,
		"popGrowthRate%" : -8.9,
		"landArea2020" : 80.9,
		"density2020" : 7240,
		"location" : [39.30, -76.61]
	},
	"Milwaukee, WI" : {
		"name" : "Milwaukee",
		"state" : "Wisconsin",
		"population2020" : 577222,
		"population2023" : 561385,
		"population2027" : -2689855,
		"popGrowthRate%" : -7.0,
		"landArea2020" : 96.2,
		"density2020" : 6000,
		"location" : [43.06, -87.97]
	},
	"Albuquerque, NM" : {
		"name" : "Albuquerque",
		"state" : "New Mexico",
		"population2020" : 564559,
		"population2023" : 560274,
		"population2027" : -298652,
		"popGrowthRate%" : -1.9,
		"landArea2020" : 187.3,
		"density2020" : 3014,
		"location" : [35.10, -106.65]
	},
	"Tucson, AZ" : {
		"name" : "Tucson",
		"state" : "Arizona",
		"population2020" : 542629,
		"population2023" : 547239,
		"population2027" : 1515020,
		"popGrowthRate%" : 2.2,
		"landArea2020" : 241.0,
		"density2020" : 2252,
		"location" : [32.15, -110.87]
	},
	"Fresno, CA" : {
		"name" : "Fresno",
		"state" : "California",
		"population2020" : 542107,
		"population2023" : 545716,
		"population2027" : 1294009,
		"popGrowthRate%" : 1.7,
		"landArea2020" : 115.2,
		"density2020" : 4706,
		"location" : [36.78, -119.79]
	},
	"Sacramento, CA" : {
		"name" : "Sacramento",
		"state" : "California",
		"population2020" : 524943,
		"population2023" : 526384,
		"population2027" : 827835,
		"popGrowthRate%" : 0.7,
		"landArea2020" : 98.6,
		"density2020" : 5324,
		"location" : [38.57, -121.47]
	},
	"Mesa, AZ" : {
		"name" : "Mesa",
		"state" : "Arizona",
		"population2020" : 504258,
		"population2023" : 511648,
		"population2027" : 2061407,
		"popGrowthRate%" : 3.8,
		"landArea2020" : 138.7,
		"density2020" : 3636,
		"location" : [33.40, -111.72]
	},
	"Atlanta, GA" : {
		"name" : "Atlanta",
		"state" : "Georgia",
		"population2020" : 498715,
		"population2023" : 510823,
		"population2027" : 3008249,
		"popGrowthRate%" : 6.2,
		"landArea2020" : 135.3,
		"density2020" : 3686,
		"location" : [33.76, -84.42]
	},
	"Kansas City, MO" : {
		"name" : "Kansas City",
		"state" : "Missouri",
		"population2020" : 508090,
		"population2023" : 510704,
		"population2027" : 1048190,
		"popGrowthRate%" : 1.3,
		"landArea2020" : 314.7,
		"density2020" : 1615,
		"location" : [39.12, -94.56]
	},
	"Colorado Springs, CO" : {
		"name" : "Colorado Springs",
		"state" : "Colorado",
		"population2020" : 478961,
		"population2023" : 488664,
		"population2027" : 2501134,
		"popGrowthRate%" : 5.2,
		"landArea2020" : 195.4,
		"density2020" : 2451,
		"location" : [38.87, -104.76]
	},
	"Omaha, NE" : {
		"name" : "Omaha",
		"state" : "Nebraska",
		"population2020" : 486051,
		"population2023" : 483335,
		"population2027" : -60270,
		"popGrowthRate%" : -1.4,
		"landArea2020" : 141.6,
		"density2020" : 3433,
		"location" : [41.26, -96.05]
	},
	"Raleigh, NC" : {
		"name" : "Raleigh",
		"state" : "North Carolina",
		"population2020" : 467665,
		"population2023" : 482295,
		"population2027" : 3502811,
		"popGrowthRate%" : 8.0,
		"landArea2020" : 147.1,
		"density2020" : 3179,
		"location" : [35.83, -78.64]
	},
	"Miami, FL" : {
		"name" : "Miami",
		"state" : "Florida",
		"population2020" : 442241,
		"population2023" : 455924,
		"population2027" : 3276564,
		"popGrowthRate%" : 7.9,
		"landArea2020" : 36.0,
		"density2020" : 12284,
		"location" : [25.78, -80.21]
	},
	"Virginia Beach, VA" : {
		"name" : "Virginia Beach",
		"state" : "Virginia",
		"population2020" : 459470,
		"population2023" : 453649,
		"population2027" : -764099,
		"popGrowthRate%" : -3.3,
		"landArea2020" : 244.7,
		"density2020" : 1878,
		"location" : [36.78, -76.03]
	},
	"Long Beach, CA" : {
		"name" : "Long Beach",
		"state" : "California",
		"population2020" : 466742,
		"population2023" : 449468,
		"population2027" : -3120170,
		"popGrowthRate%" : -9.5,
		"landArea2020" : 50.7,
		"density2020" : 9206,
		"location" : [33.78, -118.17]
	},
	"Oakland, CA" : {
		"name" : "Oakland",
		"state" : "California",
		"population2020" : 440646,
		"population2023" : 436504,
		"population2027" : -411563,
		"popGrowthRate%" : -2.4,
		"landArea2020" : 55.9,
		"density2020" : 7883,
		"location" : [37.77, -122.23]
	},
	"Minneapolis, MN" : {
		"name" : "Minneapolis",
		"state" : "Minnesota",
		"population2020" : 429954,
		"population2023" : 425115,
		"population2027" : -575708,
		"popGrowthRate%" : -2.9,
		"landArea2020" : 54.0,
		"density2020" : 7962,
		"location" : [44.96, -93.27]
	},
	"Bakersfield, CA" : {
		"name" : "Bakersfield",
		"state" : "California",
		"population2020" : 403455,
		"population2023" : 413381,
		"population2027" : 2466320,
		"popGrowthRate%" : 6.3,
		"landArea2020" : 149.8,
		"density2020" : 2693,
		"location" : [35.35, -119.04]
	},
	"Tulsa, OK" : {
		"name" : "Tulsa",
		"state" : "Oklahoma",
		"population2020" : 413066,
		"population2023" : 411894,
		"population2027" : 182988,
		"popGrowthRate%" : -0.7,
		"landArea2020" : 197.5,
		"density2020" : 2091,
		"location" : [36.13, -95.90]
	},
	"Tampa, FL" : {
		"name" : "Tampa",
		"state" : "Florida",
		"population2020" : 384959,
		"population2023" : 403364,
		"population2027" : 4224155,
		"popGrowthRate%" : 12.3,
		"landArea2020" : 114.0,
		"density2020" : 3377,
		"location" : [27.97, -82.47]
	},
	"Arlington, TX" : {
		"name" : "Arlington",
		"state" : "Texas",
		"population2020" : 394266,
		"population2023" : 398431,
		"population2027" : 1260468,
		"popGrowthRate%" : 2.7,
		"landArea2020" : 95.9,
		"density2020" : 4111,
		"location" : [32.70, -97.12]
	},
	"Wichita, KS" : {
		"name" : "Wichita",
		"state" : "Kansas",
		"population2020" : 397532,
		"population2023" : 396119,
		"population2027" : 111706,
		"popGrowthRate%" : -0.9,
		"landArea2020" : 162.0,
		"density2020" : 2454,
		"location" : [37.69, -97.35]
	},
	"Aurora, CO" : {
		"name" : "Aurora",
		"state" : "Colorado",
		"population2020" : 386261,
		"population2023" : 395052,
		"population2027" : 2204778,
		"popGrowthRate%" : 5.8,
		"landArea2020" : 160.1,
		"density2020" : 2413,
		"location" : [39.70, -104.72]
	},
	"New Orleans, LA" : {
		"name" : "New Orleans",
		"state" : "Louisiana",
		"population2020" : 383997,
		"population2023" : 364136,
		"population2027" : -3748963,
		"popGrowthRate%" : -13.3,
		"landArea2020" : 169.5,
		"density2020" : 2265,
		"location" : [30.05, -89.93]
	},
	"Cleveland, OH" : {
		"name" : "Cleveland",
		"state" : "Ohio",
		"population2020" : 372624,
		"population2023" : 362656,
		"population2027" : -1706245,
		"popGrowthRate%" : -6.9,
		"landArea2020" : 77.7,
		"density2020" : 4796,
		"location" : [41.48, -81.68]
	},
	"Honolulu, HI" : {
		"name" : "Honolulu",
		"state" : "Hawaii",
		"population2020" : 350964,
		"population2023" : 341778,
		"population2027" : -1550208,
		"popGrowthRate%" : -6.7,
		"landArea2020" : 60.5,
		"density2020" : 5801,
		"location" : [21.32, -157.85]
	},
	"Anaheim, CA" : {
		"name" : "Anaheim",
		"state" : "California",
		"population2020" : 346824,
		"population2023" : 340512,
		"population2027" : -970067,
		"popGrowthRate%" : -4.7,
		"landArea2020" : 50.3,
		"density2020" : 6895,
		"location" : [33.86, -117.76]
	},
	"Henderson, NV" : {
		"name" : "Henderson",
		"state" : "Nevada",
		"population2020" : 317610,
		"population2023" : 337305,
		"population2027" : 4411285,
		"popGrowthRate%" : 15.9,
		"landArea2020" : 106.2,
		"density2020" : 2991,
		"location" : [36.01, -115.04]
	},
	"Orlando, FL" : {
		"name" : "Orlando",
		"state" : "Florida",
		"population2020" : 307573,
		"population2023" : 320742,
		"population2027" : 3051124,
		"popGrowthRate%" : 11.0,
		"landArea2020" : 110.6,
		"density2020" : 2781,
		"location" : [28.41, -81.25]
	},
	"Lexington, KY" : {
		"name" : "Lexington",
		"state" : "Kentucky",
		"population2020" : 322570,
		"population2023" : 320154,
		"population2027" : -170640,
		"popGrowthRate%" : -1.9,
		"landArea2020" : 283.6,
		"density2020" : 1137,
		"location" : [38.04, -84.46]
	},
	"Stockton, CA" : {
		"name" : "Stockton",
		"state" : "California",
		"population2020" : 320804,
		"population2023" : 319543,
		"population2027" : 64161,
		"popGrowthRate%" : -1.0,
		"landArea2020" : 62.2,
		"density2020" : 5158,
		"location" : [37.98, -121.31]
	},
	"Riverside, CA" : {
		"name" : "Riverside",
		"state" : "California",
		"population2020" : 314998,
		"population2023" : 318858,
		"population2027" : 1134623,
		"popGrowthRate%" : 3.2,
		"landArea2020" : 81.2,
		"density2020" : 3879,
		"location" : [33.94, -117.39]
	},
	"Corpus Christi, TX" : {
		"name" : "Corpus Christi",
		"state" : "Texas",
		"population2020" : 317863,
		"population2023" : 316595,
		"population2027" : 63573,
		"popGrowthRate%" : -1.0,
		"landArea2020" : 162.2,
		"density2020" : 1960,
		"location" : [27.75, -97.17]
	},
	"Irvine, CA" : {
		"name" : "Irvine",
		"state" : "California",
		"population2020" : 307670,
		"population2023" : 314621,
		"population2027" : 1756180,
		"popGrowthRate%" : 5.8,
		"landArea2020" : 65.6,
		"density2020" : 4690,
		"location" : [33.68, -117.77]
	},
	"Cincinnati, OH" : {
		"name" : "Cincinnati",
		"state" : "Ohio",
		"population2020" : 309317,
		"population2023" : 311097,
		"population2027" : 688230,
		"popGrowthRate%" : 1.5,
		"landArea2020" : 77.8,
		"density2020" : 3976,
		"location" : [39.14, -84.51]
	},
	"Santa Ana, CA" : {
		"name" : "Santa Ana",
		"state" : "California",
		"population2020" : 310227,
		"population2023" : 310539,
		"population2027" : 388714,
		"popGrowthRate%" : 0.3,
		"landArea2020" : 27.3,
		"density2020" : 11364,
		"location" : [33.74, -117.88]
	},
	"Newark, NJ" : {
		"name" : "Newark",
		"state" : "New Jersey",
		"population2020" : 311549,
		"population2023" : 304960,
		"population2027" : -1048051,
		"popGrowthRate%" : -5.4,
		"landArea2020" : 24.1,
		"density2020" : 12927,
		"location" : [40.72, -74.17]
	},
	"Saint Paul, MN" : {
		"name" : "Saint Paul",
		"state" : "Minnesota",
		"population2020" : 311527,
		"population2023" : 303820,
		"population2027" : -1275080,
		"popGrowthRate%" : -6.3,
		"landArea2020" : 52.0,
		"density2020" : 5991,
		"location" : [44.95, -93.10]
	},
	"Pittsburgh, PA" : {
		"name" : "Pittsburgh",
		"state" : "Pennsylvania",
		"population2020" : 302971,
		"population2023" : 303255,
		"population2027" : 355082,
		"popGrowthRate%" : 0.2,
		"landArea2020" : 55.4,
		"density2020" : 5469,
		"location" : [40.44, -79.98]
	},
	"Greensboro, NC" : {
		"name" : "Greensboro",
		"state" : "North Carolina",
		"population2020" : 299035,
		"population2023" : 302296,
		"population2027" : 980237,
		"popGrowthRate%" : 2.8,
		"landArea2020" : 129.6,
		"density2020" : 2307,
		"location" : [36.10, -79.83]
	},
	"Durham, NC" : {
		"name" : "Durham",
		"state" : "North Carolina",
		"population2020" : 283506,
		"population2023" : 296186,
		"population2027" : 2927199,
		"popGrowthRate%" : 11.5,
		"landArea2020" : 112.8,
		"density2020" : 2513,
		"location" : [35.98, -78.90]
	},
	"Lincoln, NE" : {
		"name" : "Lincoln",
		"state" : "Nebraska",
		"population2020" : 291082,
		"population2023" : 294757,
		"population2027" : 1048477,
		"popGrowthRate%" : 3.2,
		"landArea2020" : 97.7,
		"density2020" : 2979,
		"location" : [40.81, -96.68]
	},
	"Jersey City, NJ" : {
		"name" : "Jersey City",
		"state" : "New Jersey",
		"population2020" : 292449,
		"population2023" : 291657,
		"population2027" : 129555,
		"popGrowthRate%" : -0.7,
		"landArea2020" : 14.7,
		"density2020" : 19894,
		"location" : [40.71, -74.06]
	},
	"Plano, TX" : {
		"name" : "Plano",
		"state" : "Texas",
		"population2020" : 285494,
		"population2023" : 290190,
		"population2027" : 1259600,
		"popGrowthRate%" : 4.2,
		"landArea2020" : 71.7,
		"density2020" : 3982,
		"location" : [33.05, -96.75]
	},
	"Anchorage, AK" : {
		"name" : "Anchorage",
		"state" : "Alaska",
		"population2020" : 291247,
		"population2023" : 286075,
		"population2027" : -791027,
		"popGrowthRate%" : -4.6,
		"landArea2020" : 1,706.8,
		"density2020" : 171,
		"location" : [61.17, -149.28]
	},
	"North Las Vegas, NV" : {
		"name" : "North Las Vegas",
		"state" : "Nevada",
		"population2020" : 262527,
		"population2023" : 284771,
		"population2027" : 4879589,
		"popGrowthRate%" : 21.7,
		"landArea2020" : 101.3,
		"density2020" : 2592,
		"location" : [36.28, -115.09]
	},
	"St. Louis, MO" : {
		"name" : "St. Louis",
		"state" : "Missouri",
		"population2020" : 301578,
		"population2023" : 281754,
		"population2027" : -3799280,
		"popGrowthRate%" : -16.8,
		"landArea2020" : 61.7,
		"density2020" : 4888,
		"location" : [38.64, -90.24]
	},
	"Madison, WI" : {
		"name" : "Madison",
		"state" : "Wisconsin",
		"population2020" : 269840,
		"population2023" : 280305,
		"population2027" : 2436385,
		"popGrowthRate%" : 9.9,
		"landArea2020" : 79.6,
		"density2020" : 3390,
		"location" : [43.09, -89.43]
	},
	"Chandler, AZ" : {
		"name" : "Chandler",
		"state" : "Arizona",
		"population2020" : 275987,
		"population2023" : 280167,
		"population2027" : 1150590,
		"popGrowthRate%" : 3.9,
		"landArea2020" : 65.3,
		"density2020" : 4226,
		"location" : [33.28, -111.85]
	},
	"Gilbert, AZ" : {
		"name" : "Gilbert",
		"state" : "Arizona",
		"population2020" : 267918,
		"population2023" : 275411,
		"population2027" : 1833095,
		"popGrowthRate%" : 7.2,
		"landArea2020" : 68.6,
		"density2020" : 3906,
		"location" : [33.31, -111.74]
	},
	"Reno, NV" : {
		"name" : "Reno",
		"state" : "Nevada",
		"population2020" : 264165,
		"population2023" : 274915,
		"population2027" : 2492133,
		"popGrowthRate%" : 10.4,
		"landArea2020" : 108.8,
		"density2020" : 2428,
		"location" : [39.55, -119.85]
	},
	"Buffalo, NY" : {
		"name" : "Buffalo",
		"state" : "New York",
		"population2020" : 278349,
		"population2023" : 274678,
		"population2027" : -485441,
		"popGrowthRate%" : -3.4,
		"landArea2020" : 40.4,
		"density2020" : 6890,
		"location" : [42.89, -78.86]
	},
	"Chula Vista, CA" : {
		"name" : "Chula Vista",
		"state" : "California",
		"population2020" : 275487,
		"population2023" : 274333,
		"population2027" : 32783,
		"popGrowthRate%" : -1.1,
		"landArea2020" : 49.6,
		"density2020" : 5554,
		"location" : [32.63, -117.02]
	},
	"Fort Wayne, IN" : {
		"name" : "Fort Wayne",
		"state" : "Indiana",
		"population2020" : 263886,
		"population2023" : 269994,
		"population2027" : 1527636,
		"popGrowthRate%" : 5.9,
		"landArea2020" : 110.7,
		"density2020" : 2384,
		"location" : [41.09, -85.14]
	},
	"Lubbock, TX" : {
		"name" : "Lubbock",
		"state" : "Texas",
		"population2020" : 257141,
		"population2023" : 266878,
		"population2027" : 2280069,
		"popGrowthRate%" : 9.7,
		"landArea2020" : 134.6,
		"density2020" : 1910,
		"location" : [33.57, -101.89]
	},
	"Toledo, OH" : {
		"name" : "Toledo",
		"state" : "Ohio",
		"population2020" : 270871,
		"population2023" : 265304,
		"population2027" : -889269,
		"popGrowthRate%" : -5.3,
		"landArea2020" : 80.5,
		"density2020" : 3365,
		"location" : [41.66, -83.58]
	},
	"St. Petersburg, FL" : {
		"name" : "St. Petersburg",
		"state" : "Florida",
		"population2020" : 258308,
		"population2023" : 263553,
		"population2027" : 1348884,
		"popGrowthRate%" : 5.2,
		"landArea2020" : 61.8,
		"density2020" : 4180,
		"location" : [27.77, -82.64]
	},
	"Laredo, TX" : {
		"name" : "Laredo",
		"state" : "Texas",
		"population2020" : 255205,
		"population2023" : 257602,
		"population2027" : 753876,
		"popGrowthRate%" : 2.4,
		"landArea2020" : 106.5,
		"density2020" : 2396,
		"location" : [27.56, -99.49]
	},
	"Irving, TX" : {
		"name" : "Irving",
		"state" : "Texas",
		"population2020" : 256684,
		"population2023" : 254373,
		"population2027" : -218951,
		"popGrowthRate%" : -2.3,
		"landArea2020" : 67.0,
		"density2020" : 3831,
		"location" : [32.86, -96.97]
	},
	"Chesapeake, VA" : {
		"name" : "Chesapeake",
		"state" : "Virginia",
		"population2020" : 249422,
		"population2023" : 253886,
		"population2027" : 1181263,
		"popGrowthRate%" : 4.6,
		"landArea2020" : 338.5,
		"density2020" : 737,
		"location" : [36.68, -76.30]
	},
	"Glendale, AZ" : {
		"name" : "Glendale",
		"state" : "Arizona",
		"population2020" : 248325,
		"population2023" : 253855,
		"population2027" : 1397325,
		"popGrowthRate%" : 5.7,
		"landArea2020" : 61.6,
		"density2020" : 4031,
		"location" : [33.53, -112.19]
	},
	"Winston-Salem, NC" : {
		"name" : "Winston-Salem",
		"state" : "North Carolina",
		"population2020" : 249545,
		"population2023" : 252975,
		"population2027" : 959501,
		"popGrowthRate%" : 3.5,
		"landArea2020" : 132.7,
		"density2020" : 1881,
		"location" : [36.10, -80.26]
	},
	"Port St. Lucie, FL" : {
		"name" : "Port St. Lucie",
		"state" : "Florida",
		"population2020" : 204851,
		"population2023" : 245021,
		"population2027" : 8553144,
		"popGrowthRate%" : 50.3,
		"landArea2020" : 119.2,
		"density2020" : 1719,
		"location" : [27.28, -80.39]
	},
	"Scottsdale, AZ" : {
		"name" : "Scottsdale",
		"state" : "Arizona",
		"population2020" : 241361,
		"population2023" : 244394,
		"population2027" : 869382,
		"popGrowthRate%" : 3.2,
		"landArea2020" : 184.0,
		"density2020" : 1312,
		"location" : [33.68, -111.86]
	},
	"Garland, TX" : {
		"name" : "Garland",
		"state" : "Texas",
		"population2020" : 246018,
		"population2023" : 243470,
		"population2027" : -289563,
		"popGrowthRate%" : -2.7,
		"landArea2020" : 57.1,
		"density2020" : 4309,
		"location" : [32.91, -96.63]
	},
	"Boise, ID" : {
		"name" : "Boise",
		"state" : "Idaho",
		"population2020" : 235684,
		"population2023" : 235421,
		"population2027" : 180770,
		"popGrowthRate%" : -0.3,
		"landArea2020" : 84.0,
		"density2020" : 2806,
		"location" : [43.60, -116.23]
	},
	"Norfolk, VA" : {
		"name" : "Norfolk",
		"state" : "Virginia",
		"population2020" : 238005,
		"population2023" : 230930,
		"population2027" : -1224774,
		"popGrowthRate%" : -7.6,
		"landArea2020" : 53.3,
		"density2020" : 4465,
		"location" : [36.92, -76.24]
	},
	"Spokane, WA" : {
		"name" : "Spokane",
		"state" : "Washington",
		"population2020" : 228989,
		"population2023" : 229447,
		"population2027" : 324019,
		"popGrowthRate%" : 0.5,
		"landArea2020" : 68.8,
		"density2020" : 3328,
		"location" : [47.67, -117.43]
	},
	"Richmond, VA" : {
		"name" : "Richmond",
		"state" : "Virginia",
		"population2020" : 226610,
		"population2023" : 229247,
		"population2027" : 779538,
		"popGrowthRate%" : 3.0,
		"landArea2020" : 59.9,
		"density2020" : 3783,
		"location" : [37.53, -77.48]
	},
	"Fremont, CA" : {
		"name" : "Fremont",
		"state" : "California",
		"population2020" : 230504,
		"population2023" : 226208,
		"population2027" : -663391,
		"popGrowthRate%" : -4.8,
		"landArea2020" : 78.3,
		"density2020" : 2944,
		"location" : [37.49, -121.94]
	},
	"Huntsville, AL" : {
		"name" : "Huntsville",
		"state" : "Alabama",
		"population2020" : 215006,
		"population2023" : 225564,
		"population2027" : 2411507,
		"popGrowthRate%" : 12.6,
		"landArea2020" : 218.1,
		"density2020" : 986,
		"location" : [34.78, -86.53]
	},
	"Frisco, TX" : {
		"name" : "Frisco",
		"state" : "Texas",
		"population2020" : 200509,
		"population2023" : 225007,
		"population2027" : 5286019,
		"popGrowthRate%" : 31.3,
		"landArea2020" : 68.6,
		"density2020" : 2923,
		"location" : [33.16, -96.82]
	},
	"Cape Coral, FL" : {
		"name" : "Cape Coral",
		"state" : "Florida",
		"population2020" : 194016,
		"population2023" : 224455,
		"population2027" : 6513505,
		"popGrowthRate%" : 40.2,
		"landArea2020" : 106.0,
		"density2020" : 1830,
		"location" : [26.65, -81.99]
	},
	"Santa Clarita, CA" : {
		"name" : "Santa Clarita",
		"state" : "California",
		"population2020" : 228673,
		"population2023" : 224028,
		"population2027" : -732211,
		"popGrowthRate%" : -5.2,
		"landArea2020" : 70.8,
		"density2020" : 3230,
		"location" : [34.41, -118.49]
	},
	"San Bernardino, CA" : {
		"name" : "San Bernardino",
		"state" : "California",
		"population2020" : 222101,
		"population2023" : 223728,
		"population2027" : 566135,
		"popGrowthRate%" : 1.9,
		"landArea2020" : 62.1,
		"density2020" : 3577,
		"location" : [34.14, -117.29]
	},
	"Tacoma, WA" : {
		"name" : "Tacoma",
		"state" : "Washington",
		"population2020" : 219346,
		"population2023" : 222906,
		"population2027" : 967755,
		"popGrowthRate%" : 4.2,
		"landArea2020" : 49.7,
		"density2020" : 4413,
		"location" : [47.25, -122.46]
	},
	"Hialeah, FL" : {
		"name" : "Hialeah",
		"state" : "Florida",
		"population2020" : 223109,
		"population2023" : 221300,
		"population2027" : -154168,
		"popGrowthRate%" : -2.1,
		"landArea2020" : 21.6,
		"density2020" : 10329,
		"location" : [25.87, -80.30]
	},
	"Baton Rouge, LA" : {
		"name" : "Baton Rouge",
		"state" : "Louisiana",
		"population2020" : 227470,
		"population2023" : 219573,
		"population2027" : -1410087,
		"popGrowthRate%" : -8.9,
		"landArea2020" : 86.3,
		"density2020" : 2636,
		"location" : [30.44, -91.13]
	},
	"Modesto, CA" : {
		"name" : "Modesto",
		"state" : "California",
		"population2020" : 218464,
		"population2023" : 218915,
		"population2027" : 309127,
		"popGrowthRate%" : 0.5,
		"landArea2020" : 43.0,
		"density2020" : 5081,
		"location" : [37.64, -121.00]
	},
	"Fontana, CA" : {
		"name" : "Fontana",
		"state" : "California",
		"population2020" : 208393,
		"population2023" : 215465,
		"population2027" : 1679022,
		"popGrowthRate%" : 8.7,
		"landArea2020" : 43.1,
		"density2020" : 4835,
		"location" : [34.11, -117.46]
	},
	"McKinney, TX" : {
		"name" : "McKinney",
		"state" : "Texas",
		"population2020" : 195308,
		"population2023" : 213509,
		"population2027" : 3978229,
		"popGrowthRate%" : 23.9,
		"landArea2020" : 67.0,
		"density2020" : 2915,
		"location" : [33.20, -96.66]
	},
	"Moreno Valley, CA" : {
		"name" : "Moreno Valley",
		"state" : "California",
		"population2020" : 208634,
		"population2023" : 212392,
		"population2027" : 988091,
		"popGrowthRate%" : 4.6,
		"landArea2020" : 51.3,
		"density2020" : 4067,
		"location" : [33.92, -117.21]
	},
	"Des Moines, IA" : {
		"name" : "Des Moines",
		"state" : "Iowa",
		"population2020" : 214133,
		"population2023" : 210381,
		"population2027" : -564240,
		"popGrowthRate%" : -4.5,
		"landArea2020" : 88.2,
		"density2020" : 2428,
		"location" : [41.57, -93.61]
	},
	"Fayetteville, NC" : {
		"name" : "Fayetteville",
		"state" : "North Carolina",
		"population2020" : 208501,
		"population2023" : 209749,
		"population2027" : 463915,
		"popGrowthRate%" : 1.5,
		"landArea2020" : 148.3,
		"density2020" : 1406,
		"location" : [35.08, -78.97]
	},
	"Salt Lake City, UT" : {
		"name" : "Salt Lake City",
		"state" : "Utah",
		"population2020" : 199723,
		"population2023" : 209593,
		"population2027" : 2256271,
		"popGrowthRate%" : 12.7,
		"landArea2020" : 110.3,
		"density2020" : 1811,
		"location" : [40.78, -111.93]
	},
	"Yonkers, NY" : {
		"name" : "Yonkers",
		"state" : "New York",
		"population2020" : 211569,
		"population2023" : 207657,
		"population2027" : -591758,
		"popGrowthRate%" : -4.7,
		"landArea2020" : 18.0,
		"density2020" : 11754,
		"location" : [40.95, -73.87]
	},
	"Worcester, MA" : {
		"name" : "Worcester",
		"state" : "Massachusetts",
		"population2020" : 206518,
		"population2023" : 207621,
		"population2027" : 442775,
		"popGrowthRate%" : 1.4,
		"landArea2020" : 37.4,
		"density2020" : 5522,
		"location" : [42.27, -71.81]
	},
	"Rochester, NY" : {
		"name" : "Rochester",
		"state" : "New York",
		"population2020" : 211328,
		"population2023" : 207274,
		"population2027" : -625320,
		"popGrowthRate%" : -4.9,
		"landArea2020" : 35.8,
		"density2020" : 5903,
		"location" : [43.17, -77.62]
	},
	"Sioux Falls, SD" : {
		"name" : "Sioux Falls",
		"state" : "South Dakota",
		"population2020" : 192517,
		"population2023" : 206410,
		"population2027" : 3079309,
		"popGrowthRate%" : 18.5,
		"landArea2020" : 79.1,
		"density2020" : 2434,
		"location" : [43.54, -96.73]
	},
	"Little Rock, AR" : {
		"name" : "Little Rock",
		"state" : "Arkansas",
		"population2020" : 202591,
		"population2023" : 203842,
		"population2027" : 467175,
		"popGrowthRate%" : 1.6,
		"landArea2020" : 120.0,
		"density2020" : 1688,
		"location" : [34.72, -92.36]
	},
	"Amarillo, TX" : {
		"name" : "Amarillo",
		"state" : "Texas",
		"population2020" : 200393,
		"population2023" : 202408,
		"population2027" : 624425,
		"popGrowthRate%" : 2.6,
		"landArea2020" : 102.3,
		"density2020" : 1959,
		"location" : [35.20, -101.83]
	},
	"Tallahassee, FL" : {
		"name" : "Tallahassee",
		"state" : "Florida",
		"population2020" : 196169,
		"population2023" : 202221,
		"population2027" : 1453416,
		"popGrowthRate%" : 7.9,
		"landArea2020" : 100.9,
		"density2020" : 1944,
		"location" : [30.46, -84.25]
	},
	"Grand Prairie, TX" : {
		"name" : "Grand Prairie",
		"state" : "Texas",
		"population2020" : 196100,
		"population2023" : 202134,
		"population2027" : 1452905,
		"popGrowthRate%" : 7.9,
		"landArea2020" : 72.6,
		"density2020" : 2701,
		"location" : [32.69, -97.02]
	},
	"Columbus, GA" : {
		"name" : "Columbus",
		"state" : "Georgia",
		"population2020" : 206922,
		"population2023" : 201877,
		"population2027" : -846932,
		"popGrowthRate%" : -6.3,
		"landArea2020" : 216.5,
		"density2020" : 956,
		"location" : [32.51, -84.87]
	},
	"Augusta, GA" : {
		"name" : "Augusta",
		"state" : "Georgia",
		"population2020" : 202081,
		"population2023" : 200884,
		"population2027" : -41427,
		"popGrowthRate%" : -1.5,
		"landArea2020" : 302.3,
		"density2020" : 668,
		"location" : [33.37, -82.07]
	},
	"Peoria, AZ" : {
		"name" : "Peoria",
		"state" : "Arizona",
		"population2020" : 190985,
		"population2023" : 198750,
		"population2027" : 1801752,
		"popGrowthRate%" : 10.4,
		"landArea2020" : 176.1,
		"density2020" : 1085,
		"location" : [33.79, -112.31]
	},
	"Oxnard, CA" : {
		"name" : "Oxnard",
		"state" : "California",
		"population2020" : 202063,
		"population2023" : 198488,
		"population2027" : -532436,
		"popGrowthRate%" : -4.5,
		"landArea2020" : 26.5,
		"density2020" : 7625,
		"location" : [34.20, -119.21]
	},
	"Knoxville, TN" : {
		"name" : "Knoxville",
		"state" : "Tennessee",
		"population2020" : 190740,
		"population2023" : 198162,
		"population2027" : 1737641,
		"popGrowthRate%" : 10.0,
		"landArea2020" : 98.7,
		"density2020" : 1933,
		"location" : [35.97, -83.95]
	},
	"Overland Park, KS" : {
		"name" : "Overland Park",
		"state" : "Kansas",
		"population2020" : 197238,
		"population2023" : 197089,
		"population2027" : 167258,
		"popGrowthRate%" : -0.2,
		"landArea2020" : 75.2,
		"density2020" : 2623,
		"location" : [38.89, -94.69]
	},
	"Birmingham, AL" : {
		"name" : "Birmingham",
		"state" : "Alabama",
		"population2020" : 200733,
		"population2023" : 196644,
		"population2027" : -642747,
		"popGrowthRate%" : -5.2,
		"landArea2020" : 147.0,
		"density2020" : 1366,
		"location" : [33.53, -86.80]
	},
	"Grand Rapids, MI" : {
		"name" : "Grand Rapids",
		"state" : "Michigan",
		"population2020" : 198917,
		"population2023" : 196608,
		"population2027" : -282462,
		"popGrowthRate%" : -3.0,
		"landArea2020" : 44.8,
		"density2020" : 4440,
		"location" : [42.96, -85.66]
	},
	"Vancouver, WA" : {
		"name" : "Vancouver",
		"state" : "Washington",
		"population2020" : 190915,
		"population2023" : 196442,
		"population2027" : 1337169,
		"popGrowthRate%" : 7.4,
		"landArea2020" : 48.7,
		"density2020" : 3920,
		"location" : [45.64, -122.60]
	},
	"Montgomery, AL" : {
		"name" : "Montgomery",
		"state" : "Alabama",
		"population2020" : 200603,
		"population2023" : 195287,
		"population2027" : -902312,
		"popGrowthRate%" : -6.8,
		"landArea2020" : 159.9,
		"density2020" : 1255,
		"location" : [32.35, -86.27]
	},
	"Huntington Beach, CA" : {
		"name" : "Huntington Beach",
		"state" : "California",
		"population2020" : 198711,
		"population2023" : 192129,
		"population2027" : -1167427,
		"popGrowthRate%" : -8.5,
		"landArea2020" : 27.0,
		"density2020" : 7360,
		"location" : [33.70, -118.00]
	},
	"Providence, RI" : {
		"name" : "Providence",
		"state" : "Rhode Island",
		"population2020" : 190934,
		"population2023" : 190792,
		"population2027" : 161912,
		"popGrowthRate%" : -0.2,
		"landArea2020" : 18.4,
		"density2020" : 10377,
		"location" : [41.82, -71.42]
	},
	"Brownsville, TX" : {
		"name" : "Brownsville",
		"state" : "Texas",
		"population2020" : 186738,
		"population2023" : 190158,
		"population2027" : 899517,
		"popGrowthRate%" : 4.7,
		"landArea2020" : 131.5,
		"density2020" : 1420,
		"location" : [26.00, -97.45]
	},
	"Tempe, AZ" : {
		"name" : "Tempe",
		"state" : "Arizona",
		"population2020" : 180587,
		"population2023" : 189834,
		"population2027" : 2098602,
		"popGrowthRate%" : 13.1,
		"landArea2020" : 39.9,
		"density2020" : 4526,
		"location" : [33.39, -111.93]
	},
	"Akron, OH" : {
		"name" : "Akron",
		"state" : "Ohio",
		"population2020" : 190469,
		"population2023" : 188701,
		"population2027" : -177898,
		"popGrowthRate%" : -2.4,
		"landArea2020" : 61.9,
		"density2020" : 3077,
		"location" : [41.08, -81.52]
	},
	"Glendale, CA" : {
		"name" : "Glendale",
		"state" : "California",
		"population2020" : 196543,
		"population2023" : 187050,
		"population2027" : -1775569,
		"popGrowthRate%" : -12.4,
		"landArea2020" : 30.5,
		"density2020" : 6444,
		"location" : [34.18, -118.25]
	},
	"Chattanooga, TN" : {
		"name" : "Chattanooga",
		"state" : "Tennessee",
		"population2020" : 181099,
		"population2023" : 187030,
		"population2027" : 1415108,
		"popGrowthRate%" : 8.4,
		"landArea2020" : 142.4,
		"density2020" : 1272,
		"location" : [35.07, -85.25]
	},
	"Fort Lauderdale, FL" : {
		"name" : "Fort Lauderdale",
		"state" : "Florida",
		"population2020" : 182760,
		"population2023" : 184255,
		"population2027" : 495462,
		"popGrowthRate%" : 2.1,
		"landArea2020" : 34.6,
		"density2020" : 5282,
		"location" : [26.14, -80.15]
	},
	"Newport News, VA" : {
		"name" : "Newport News",
		"state" : "Virginia",
		"population2020" : 186247,
		"population2023" : 183118,
		"population2027" : -460589,
		"popGrowthRate%" : -4.3,
		"landArea2020" : 69.0,
		"density2020" : 2699,
		"location" : [37.08, -76.52]
	},
	"Mobile, AL" : {
		"name" : "Mobile",
		"state" : "Alabama",
		"population2020" : 187041,
		"population2023" : 182595,
		"population2027" : -735258,
		"popGrowthRate%" : -6.1,
		"landArea2020" : 139.5,
		"density2020" : 1341,
		"location" : [30.67, -88.10]
	},
	"Ontario, CA" : {
		"name" : "Ontario",
		"state" : "California",
		"population2020" : 175265,
		"population2023" : 182457,
		"population2027" : 1667646,
		"popGrowthRate%" : 10.5,
		"landArea2020" : 50.0,
		"density2020" : 3505,
		"location" : [34.04, -117.60]
	},
	"Clarksville, TN" : {
		"name" : "Clarksville",
		"state" : "Tennessee",
		"population2020" : 166722,
		"population2023" : 180716,
		"population2027" : 3071853,
		"popGrowthRate%" : 21.5,
		"landArea2020" : 99.4,
		"density2020" : 1677,
		"location" : [36.57, -87.35]
	},
	"Cary, NC" : {
		"name" : "Cary",
		"state" : "North Carolina",
		"population2020" : 174721,
		"population2023" : 180010,
		"population2027" : 1280355,
		"popGrowthRate%" : 7.8,
		"landArea2020" : 59.2,
		"density2020" : 2951,
		"location" : [35.78, -78.82]
	},
	"Elk Grove, CA" : {
		"name" : "Elk Grove",
		"state" : "California",
		"population2020" : 176124,
		"population2023" : 178444,
		"population2027" : 662931,
		"popGrowthRate%" : 3.4,
		"landArea2020" : 42.0,
		"density2020" : 4193,
		"location" : [38.41, -121.38]
	},
	"Shreveport, LA" : {
		"name" : "Shreveport",
		"state" : "Louisiana",
		"population2020" : 187593,
		"population2023" : 177959,
		"population2027" : -1816275,
		"popGrowthRate%" : -13.2,
		"landArea2020" : 107.8,
		"density2020" : 1740,
		"location" : [32.47, -93.79]
	},
	"Eugene, OR" : {
		"name" : "Eugene",
		"state" : "Oregon",
		"population2020" : 176654,
		"population2023" : 177899,
		"population2027" : 435982,
		"popGrowthRate%" : 1.8,
		"landArea2020" : 44.2,
		"density2020" : 3997,
		"location" : [44.06, -123.12]
	},
	"Aurora, IL" : {
		"name" : "Aurora",
		"state" : "Illinois",
		"population2020" : 180542,
		"population2023" : 177563,
		"population2027" : -431856,
		"popGrowthRate%" : -4.2,
		"landArea2020" : 45.0,
		"density2020" : 4012,
		"location" : [41.76, -88.29]
	},
	"Salem, OR" : {
		"name" : "Salem",
		"state" : "Oregon",
		"population2020" : 175535,
		"population2023" : 177432,
		"population2027" : 575404,
		"popGrowthRate%" : 2.8,
		"landArea2020" : 48.8,
		"density2020" : 3597,
		"location" : [44.92, -123.02]
	},
	"Santa Rosa, CA" : {
		"name" : "Santa Rosa",
		"state" : "California",
		"population2020" : 178127,
		"population2023" : 175845,
		"population2027" : -296225,
		"popGrowthRate%" : -3.3,
		"landArea2020" : 42.5,
		"density2020" : 4191,
		"location" : [38.45, -122.71]
	},
	"Rancho Cucamonga, CA" : {
		"name" : "Rancho Cucamonga",
		"state" : "California",
		"population2020" : 174453,
		"population2023" : 174405,
		"population2027" : 162067,
		"popGrowthRate%" : -0.1,
		"landArea2020" : 40.1,
		"density2020" : 4350,
		"location" : [34.12, -117.56]
	},
	"Pembroke Pines, FL" : {
		"name" : "Pembroke Pines",
		"state" : "Florida",
		"population2020" : 171178,
		"population2023" : 171119,
		"population2027" : 159024,
		"popGrowthRate%" : -0.1,
		"landArea2020" : 32.7,
		"density2020" : 5235,
		"location" : [26.01, -80.34]
	},
	"Fort Collins, CO" : {
		"name" : "Fort Collins",
		"state" : "Colorado",
		"population2020" : 169810,
		"population2023" : 170376,
		"population2027" : 281545,
		"popGrowthRate%" : 0.8,
		"landArea2020" : 57.2,
		"density2020" : 2969,
		"location" : [40.55, -105.06]
	},
	"Springfield, MO" : {
		"name" : "Springfield",
		"state" : "Missouri",
		"population2020" : 169176,
		"population2023" : 170188,
		"population2027" : 376417,
		"popGrowthRate%" : 1.5,
		"landArea2020" : 82.4,
		"density2020" : 2053,
		"location" : [37.19, -93.29]
	},
	"Oceanside, CA" : {
		"name" : "Oceanside",
		"state" : "California",
		"population2020" : 174068,
		"population2023" : 170020,
		"population2027" : -670162,
		"popGrowthRate%" : -6.0,
		"landArea2020" : 41.3,
		"density2020" : 4215,
		"location" : [33.22, -117.31]
	},
	"Garden Grove, CA" : {
		"name" : "Garden Grove",
		"state" : "California",
		"population2020" : 171949,
		"population2023" : 168234,
		"population2027" : -592364,
		"popGrowthRate%" : -5.5,
		"landArea2020" : 18.0,
		"density2020" : 9553,
		"location" : [33.78, -117.96]
	},
	"Lancaster, CA" : {
		"name" : "Lancaster",
		"state" : "California",
		"population2020" : 173516,
		"population2023" : 166236,
		"population2027" : -1342667,
		"popGrowthRate%" : -10.8,
		"landArea2020" : 94.3,
		"density2020" : 1840,
		"location" : [34.69, -118.18]
	},
	"Murfreesboro, TN" : {
		"name" : "Murfreesboro",
		"state" : "Tennessee",
		"population2020" : 152769,
		"population2023" : 165430,
		"population2027" : 2790020,
		"popGrowthRate%" : 21.3,
		"landArea2020" : 62.9,
		"density2020" : 2429,
		"location" : [35.85, -86.42]
	},
	"Palmdale, CA" : {
		"name" : "Palmdale",
		"state" : "California",
		"population2020" : 169450,
		"population2023" : 161404,
		"population2027" : -1503360,
		"popGrowthRate%" : -12.2,
		"landArea2020" : 106.1,
		"density2020" : 1597,
		"location" : [34.59, -118.11]
	},
	"Corona, CA" : {
		"name" : "Corona",
		"state" : "California",
		"population2020" : 157136,
		"population2023" : 160238,
		"population2027" : 807836,
		"popGrowthRate%" : 5.1,
		"landArea2020" : 39.9,
		"density2020" : 3938,
		"location" : [33.86, -117.57]
	},
	"Killeen, TX" : {
		"name" : "Killeen",
		"state" : "Texas",
		"population2020" : 153095,
		"population2023" : 159643,
		"population2027" : 1518702,
		"popGrowthRate%" : 11.0,
		"landArea2020" : 54.8,
		"density2020" : 2794,
		"location" : [31.08, -97.73]
	},
	"Salinas, CA" : {
		"name" : "Salinas",
		"state" : "California",
		"population2020" : 163542,
		"population2023" : 159506,
		"population2027" : -669377,
		"popGrowthRate%" : -6.3,
		"landArea2020" : 23.5,
		"density2020" : 6959,
		"location" : [36.69, -121.63]
	},
	"Roseville, CA" : {
		"name" : "Roseville",
		"state" : "California",
		"population2020" : 147773,
		"population2023" : 159135,
		"population2027" : 2507264,
		"popGrowthRate%" : 19.7,
		"landArea2020" : 44.1,
		"density2020" : 3351,
		"location" : [38.77, -121.32]
	},
	"Denton, TX" : {
		"name" : "Denton",
		"state" : "Texas",
		"population2020" : 139869,
		"population2023" : 158349,
		"population2027" : 3981931,
		"popGrowthRate%" : 33.9,
		"landArea2020" : 96.4,
		"density2020" : 1451,
		"location" : [33.22, -97.14]
	},
	"Surprise, AZ" : {
		"name" : "Surprise",
		"state" : "Arizona",
		"population2020" : 143148,
		"population2023" : 158285,
		"population2027" : 3286821,
		"popGrowthRate%" : 27.1,
		"landArea2020" : 110.3,
		"density2020" : 1298,
		"location" : [33.67, -112.45]
	},
	"Macon, GA" : {
		"name" : "Macon",
		"state" : "Georgia",
		"population2020" : 157346,
		"population2023" : 156512,
		"population2027" : -19511,
		"popGrowthRate%" : -1.4,
		"landArea2020" : 249.4,
		"density2020" : 631,
		"location" : [32.81, -83.69]
	},
	"Paterson, NJ" : {
		"name" : "Paterson",
		"state" : "New Jersey",
		"population2020" : 159732,
		"population2023" : 156452,
		"population2027" : -524400,
		"popGrowthRate%" : -5.3,
		"landArea2020" : 8.4,
		"density2020" : 19016,
		"location" : [40.91, -74.16]
	},
	"Lakewood, CO" : {
		"name" : "Lakewood",
		"state" : "Colorado",
		"population2020" : 155984,
		"population2023" : 155961,
		"population2027" : 157544,
		"popGrowthRate%" : 0.0,
		"landArea2020" : 43.5,
		"density2020" : 3586,
		"location" : [39.70, -105.12]
	},
	"Hayward, CA" : {
		"name" : "Hayward",
		"state" : "California",
		"population2020" : 162954,
		"population2023" : 155675,
		"population2027" : -1353333,
		"popGrowthRate%" : -11.5,
		"landArea2020" : 45.8,
		"density2020" : 3558,
		"location" : [37.63, -122.10]
	},
	"Charleston, SC" : {
		"name" : "Charleston",
		"state" : "South Carolina",
		"population2020" : 150227,
		"population2023" : 155369,
		"population2027" : 1222547,
		"popGrowthRate%" : 8.8,
		"landArea2020" : 114.8,
		"density2020" : 1309,
		"location" : [32.83, -79.97]
	},
	"Alexandria, VA" : {
		"name" : "Alexandria",
		"state" : "Virginia",
		"population2020" : 159467,
		"population2023" : 155230,
		"population2027" : -717283,
		"popGrowthRate%" : -6.8,
		"landArea2020" : 14.9,
		"density2020" : 10702,
		"location" : [38.82, -77.08]
	},
	"Hollywood, FL" : {
		"name" : "Hollywood",
		"state" : "Florida",
		"population2020" : 153067,
		"population2023" : 153859,
		"population2027" : 315777,
		"popGrowthRate%" : 1.3,
		"landArea2020" : 27.3,
		"density2020" : 5607,
		"location" : [26.03, -80.16]
	},
	"Springfield, MA" : {
		"name" : "Springfield",
		"state" : "Massachusetts",
		"population2020" : 155929,
		"population2023" : 153672,
		"population2027" : -309831,
		"popGrowthRate%" : -3.7,
		"landArea2020" : 31.9,
		"density2020" : 4888,
		"location" : [42.12, -72.54]
	},
	"Kansas City, KS" : {
		"name" : "Kansas City",
		"state" : "Kansas",
		"population2020" : 156607,
		"population2023" : 152933,
		"population2027" : -602937,
		"popGrowthRate%" : -6.0,
		"landArea2020" : 124.7,
		"density2020" : 1256,
		"location" : [39.12, -94.74]
	},
	"Sunnyvale, CA" : {
		"name" : "Sunnyvale",
		"state" : "California",
		"population2020" : 155805,
		"population2023" : 151967,
		"population2027" : -637710,
		"popGrowthRate%" : -6.3,
		"landArea2020" : 22.1,
		"density2020" : 7050,
		"location" : [37.39, -122.03]
	},
	"Bellevue, WA" : {
		"name" : "Bellevue",
		"state" : "Washington",
		"population2020" : 151854,
		"population2023" : 151574,
		"population2027" : 91872,
		"popGrowthRate%" : -0.5,
		"landArea2020" : 33.5,
		"density2020" : 4533,
		"location" : [47.60, -122.16]
	},
	"Joliet, IL" : {
		"name" : "Joliet",
		"state" : "Illinois",
		"population2020" : 150362,
		"population2023" : 150489,
		"population2027" : 176224,
		"popGrowthRate%" : 0.2,
		"landArea2020" : 64.5,
		"density2020" : 2331,
		"location" : [41.52, -88.15]
	},
	"Naperville, IL" : {
		"name" : "Naperville",
		"state" : "Illinois",
		"population2020" : 149540,
		"population2023" : 150245,
		"population2027" : 296388,
		"popGrowthRate%" : 1.2,
		"landArea2020" : 39.1,
		"density2020" : 3825,
		"location" : [41.75, -88.16]
	},
	"Escondido, CA" : {
		"name" : "Escondido",
		"state" : "California",
		"population2020" : 151038,
		"population2023" : 148122,
		"population2027" : -446921,
		"popGrowthRate%" : -4.9,
		"landArea2020" : 37.3,
		"density2020" : 4049,
		"location" : [33.13, -117.07]
	},
	"Bridgeport, CT" : {
		"name" : "Bridgeport",
		"state" : "Connecticut",
		"population2020" : 148654,
		"population2023" : 148028,
		"population2027" : 17690,
		"popGrowthRate%" : -1.1,
		"landArea2020" : 16.1,
		"density2020" : 9233,
		"location" : [41.19, -73.20]
	},
	"Savannah, GA" : {
		"name" : "Savannah",
		"state" : "Georgia",
		"population2020" : 147780,
		"population2023" : 147748,
		"population2027" : 137288,
		"popGrowthRate%" : -0.1,
		"landArea2020" : 106.8,
		"density2020" : 1384,
		"location" : [32.00, -81.15]
	},
	"Olathe, KS" : {
		"name" : "Olathe",
		"state" : "Kansas",
		"population2020" : 141290,
		"population2023" : 147461,
		"population2027" : 1424486,
		"popGrowthRate%" : 11.2,
		"landArea2020" : 61.9,
		"density2020" : 2283,
		"location" : [38.88, -94.82]
	},
	"Mesquite, TX" : {
		"name" : "Mesquite",
		"state" : "Texas",
		"population2020" : 150108,
		"population2023" : 147317,
		"population2027" : -432011,
		"popGrowthRate%" : -4.8,
		"landArea2020" : 48.5,
		"density2020" : 3095,
		"location" : [32.76, -96.59]
	},
	"Pasadena, TX" : {
		"name" : "Pasadena",
		"state" : "Texas",
		"population2020" : 151950,
		"population2023" : 146716,
		"population2027" : -929630,
		"popGrowthRate%" : -8.8,
		"landArea2020" : 43.7,
		"density2020" : 3477,
		"location" : [29.65, -95.15]
	},
	"McAllen, TX" : {
		"name" : "McAllen",
		"state" : "Texas",
		"population2020" : 142210,
		"population2023" : 146593,
		"population2027" : 1053634,
		"popGrowthRate%" : 7.9,
		"landArea2020" : 62.3,
		"density2020" : 2283,
		"location" : [26.22, -98.25]
	},
	"Rockford, IL" : {
		"name" : "Rockford",
		"state" : "Illinois",
		"population2020" : 148655,
		"population2023" : 146120,
		"population2027" : -379665,
		"popGrowthRate%" : -4.4,
		"landArea2020" : 64.5,
		"density2020" : 2305,
		"location" : [42.26, -89.06]
	},
	"Gainesville, FL" : {
		"name" : "Gainesville",
		"state" : "Florida",
		"population2020" : 141085,
		"population2023" : 145812,
		"population2027" : 1125294,
		"popGrowthRate%" : 8.6,
		"landArea2020" : 63.2,
		"density2020" : 2232,
		"location" : [29.68, -82.35]
	},
	"Syracuse, NY" : {
		"name" : "Syracuse",
		"state" : "New York",
		"population2020" : 148620,
		"population2023" : 145560,
		"population2027" : -487919,
		"popGrowthRate%" : -5.3,
		"landArea2020" : 25.1,
		"density2020" : 5921,
		"location" : [43.04, -76.14]
	},
	"Pomona, CA" : {
		"name" : "Pomona",
		"state" : "California",
		"population2020" : 151713,
		"population2023" : 145502,
		"population2027" : -1137089,
		"popGrowthRate%" : -10.5,
		"landArea2020" : 23.0,
		"density2020" : 6596,
		"location" : [34.06, -117.76]
	},
	"Visalia, CA" : {
		"name" : "Visalia",
		"state" : "California",
		"population2020" : 141384,
		"population2023" : 144998,
		"population2027" : 898637,
		"popGrowthRate%" : 6.6,
		"landArea2020" : 37.9,
		"density2020" : 3730,
		"location" : [36.33, -119.33]
	},
	"Thornton, CO" : {
		"name" : "Thornton",
		"state" : "Colorado",
		"population2020" : 141867,
		"population2023" : 144922,
		"population2027" : 775303,
		"popGrowthRate%" : 5.5,
		"landArea2020" : 35.9,
		"density2020" : 3952,
		"location" : [39.92, -104.94]
	},
	"Waco, TX" : {
		"name" : "Waco",
		"state" : "Texas",
		"population2020" : 138486,
		"population2023" : 144816,
		"population2027" : 1452303,
		"popGrowthRate%" : 11.7,
		"landArea2020" : 88.7,
		"density2020" : 1561,
		"location" : [31.56, -97.19]
	},
	"Jackson, MS" : {
		"name" : "Jackson",
		"state" : "Mississippi",
		"population2020" : 153701,
		"population2023" : 143709,
		"population2027" : -1923875,
		"popGrowthRate%" : -16.7,
		"landArea2020" : 111.7,
		"density2020" : 1376,
		"location" : [32.32, -90.21]
	},
	"Columbia, SC" : {
		"name" : "Columbia",
		"state" : "South Carolina",
		"population2020" : 136632,
		"population2023" : 142416,
		"population2027" : 1333255,
		"popGrowthRate%" : 10.8,
		"landArea2020" : 136.8,
		"density2020" : 999,
		"location" : [34.04, -80.91]
	},
	"Lakewood, NJ" : {
		"name" : "Lakewood",
		"state" : "New Jersey",
		"population2020" : 135158,
		"population2023" : 139866,
		"population2027" : 1110864,
		"popGrowthRate%" : 8.9,
		"landArea2020" : 24.7,
		"density2020" : 5472,
		"location" : [40.08, -74.20]
	},
	"Fullerton, CA" : {
		"name" : "Fullerton",
		"state" : "California",
		"population2020" : 143617,
		"population2023" : 139250,
		"population2027" : -762319,
		"popGrowthRate%" : -7.8,
		"landArea2020" : 22.4,
		"density2020" : 6411,
		"location" : [33.89, -117.93]
	},
	"Torrance, CA" : {
		"name" : "Torrance",
		"state" : "California",
		"population2020" : 147067,
		"population2023" : 139224,
		"population2027" : -1483465,
		"popGrowthRate%" : -13.7,
		"landArea2020" : 20.5,
		"density2020" : 7174,
		"location" : [33.83, -118.36]
	},
	"Victorville, CA" : {
		"name" : "Victorville",
		"state" : "California",
		"population2020" : 134810,
		"population2023" : 138869,
		"population2027" : 976968,
		"popGrowthRate%" : 7.7,
		"landArea2020" : 73.7,
		"density2020" : 1829,
		"location" : [34.53, -117.35]
	},
	"Midland, TX" : {
		"name" : "Midland",
		"state" : "Texas",
		"population2020" : 132524,
		"population2023" : 138397,
		"population2027" : 1357576,
		"popGrowthRate%" : 11.4,
		"landArea2020" : 75.5,
		"density2020" : 1755,
		"location" : [32.02, -102.11]
	},
	"Orange, CA" : {
		"name" : "Orange",
		"state" : "California",
		"population2020" : 139911,
		"population2023" : 138337,
		"population2027" : -187341,
		"popGrowthRate%" : -2.9,
		"landArea2020" : 25.7,
		"density2020" : 5444,
		"location" : [33.79, -117.86]
	},
	"Miramar, FL" : {
		"name" : "Miramar",
		"state" : "Florida",
		"population2020" : 134721,
		"population2023" : 138319,
		"population2027" : 878111,
		"popGrowthRate%" : 6.8,
		"landArea2020" : 28.9,
		"density2020" : 4662,
		"location" : [25.97, -80.34]
	},
	"Hampton, VA" : {
		"name" : "Hampton",
		"state" : "Virginia",
		"population2020" : 137148,
		"population2023" : 137098,
		"population2027" : 127410,
		"popGrowthRate%" : -0.1,
		"landArea2020" : 51.5,
		"density2020" : 2663,
		"location" : [37.05, -76.30]
	},
	"Warren, MI" : {
		"name" : "Warren",
		"state" : "Michigan",
		"population2020" : 139387,
		"population2023" : 136655,
		"population2027" : -423736,
		"popGrowthRate%" : -5.0,
		"landArea2020" : 34.4,
		"density2020" : 4052,
		"location" : [42.49, -83.03]
	},
	"Stamford, CT" : {
		"name" : "Stamford",
		"state" : "Connecticut",
		"population2020" : 135470,
		"population2023" : 136226,
		"population2027" : 290448,
		"popGrowthRate%" : 1.4,
		"landArea2020" : 37.6,
		"density2020" : 3603,
		"location" : [41.08, -73.55]
	},
	"Cedar Rapids, IA" : {
		"name" : "Cedar Rapids",
		"state" : "Iowa",
		"population2020" : 137710,
		"population2023" : 135958,
		"population2027" : -229012,
		"popGrowthRate%" : -3.3,
		"landArea2020" : 72.1,
		"density2020" : 1910,
		"location" : [41.97, -91.68]
	},
	"Elizabeth, NJ" : {
		"name" : "Elizabeth",
		"state" : "New Jersey",
		"population2020" : 137298,
		"population2023" : 135829,
		"population2027" : -161600,
		"popGrowthRate%" : -2.7,
		"landArea2020" : 12.3,
		"density2020" : 11162,
		"location" : [40.67, -74.19]
	},
	"Palm Bay, FL" : {
		"name" : "Palm Bay",
		"state" : "Florida",
		"population2020" : 119760,
		"population2023" : 135566,
		"population2027" : 3399747,
		"popGrowthRate%" : 33.8,
		"landArea2020" : 86.4,
		"density2020" : 1386,
		"location" : [27.96, -80.66]
	},
	"Dayton, OH" : {
		"name" : "Dayton",
		"state" : "Ohio",
		"population2020" : 137644,
		"population2023" : 135512,
		"population2027" : -306946,
		"popGrowthRate%" : -4.0,
		"landArea2020" : 55.8,
		"density2020" : 2467,
		"location" : [39.78, -84.20]
	},
	"New Haven, CT" : {
		"name" : "New Haven",
		"state" : "Connecticut",
		"population2020" : 134023,
		"population2023" : 135319,
		"population2027" : 406760,
		"popGrowthRate%" : 2.5,
		"landArea2020" : 18.7,
		"density2020" : 7167,
		"location" : [41.31, -72.92]
	},
	"Coral Springs, FL" : {
		"name" : "Coral Springs",
		"state" : "Florida",
		"population2020" : 134394,
		"population2023" : 134906,
		"population2027" : 244597,
		"popGrowthRate%" : 1.0,
		"landArea2020" : 22.9,
		"density2020" : 5869,
		"location" : [26.27, -80.26]
	},
	"Meridian, ID" : {
		"name" : "Meridian",
		"state" : "Idaho",
		"population2020" : 117635,
		"population2023" : 134801,
		"population2027" : 3682446,
		"popGrowthRate%" : 37.4,
		"landArea2020" : 35.1,
		"density2020" : 3351,
		"location" : [43.61, -116.40]
	},
	"West Valley City, UT" : {
		"name" : "West Valley City",
		"state" : "Utah",
		"population2020" : 140230,
		"population2023" : 134470,
		"population2027" : -1051024,
		"popGrowthRate%" : -10.5,
		"landArea2020" : 35.8,
		"density2020" : 3917,
		"location" : [40.69, -112.01]
	},
	"Pasadena, CA" : {
		"name" : "Pasadena",
		"state" : "California",
		"population2020" : 138699,
		"population2023" : 133560,
		"population2027" : -927203,
		"popGrowthRate%" : -9.5,
		"landArea2020" : 23.0,
		"density2020" : 6030,
		"location" : [34.16, -118.14]
	},
	"Lewisville, TX" : {
		"name" : "Lewisville",
		"state" : "Texas",
		"population2020" : 111822,
		"population2023" : 133553,
		"population2027" : 4623616,
		"popGrowthRate%" : 49.8,
		"landArea2020" : 37.0,
		"density2020" : 3022,
		"location" : [33.05, -96.98]
	},
	"Kent, WA" : {
		"name" : "Kent",
		"state" : "Washington",
		"population2020" : 136588,
		"population2023" : 133378,
		"population2027" : -525864,
		"popGrowthRate%" : -6.0,
		"landArea2020" : 33.8,
		"density2020" : 4041,
		"location" : [47.39, -122.21]
	},
	"Sterling Heights, MI" : {
		"name" : "Sterling Heights",
		"state" : "Michigan",
		"population2020" : 134346,
		"population2023" : 133306,
		"population2027" : -81951,
		"popGrowthRate%" : -2.0,
		"landArea2020" : 36.4,
		"density2020" : 3691,
		"location" : [42.58, -83.03]
	},
	"Fargo, ND" : {
		"name" : "Fargo",
		"state" : "North Dakota",
		"population2020" : 125990,
		"population2023" : 133188,
		"population2027" : 1617208,
		"popGrowthRate%" : 14.6,
		"landArea2020" : 49.8,
		"density2020" : 2530,
		"location" : [46.86, -96.83]
	},
	"Carrollton, TX" : {
		"name" : "Carrollton",
		"state" : "Texas",
		"population2020" : 133434,
		"population2023" : 132918,
		"population2027" : 26687,
		"popGrowthRate%" : -1.0,
		"landArea2020" : 36.7,
		"density2020" : 3636,
		"location" : [32.99, -96.90]
	},
	"Santa Clara, CA" : {
		"name" : "Santa Clara",
		"state" : "California",
		"population2020" : 127647,
		"population2023" : 131062,
		"population2027" : 842343,
		"popGrowthRate%" : 6.9,
		"landArea2020" : 18.3,
		"density2020" : 6975,
		"location" : [37.36, -121.97]
	},
	"Round Rock, TX" : {
		"name" : "Round Rock",
		"state" : "Texas",
		"population2020" : 119468,
		"population2023" : 130406,
		"population2027" : 2394736,
		"popGrowthRate%" : 23.5,
		"landArea2020" : 37.6,
		"density2020" : 3177,
		"location" : [30.53, -97.66]
	},
	"Norman, OK" : {
		"name" : "Norman",
		"state" : "Oklahoma",
		"population2020" : 128026,
		"population2023" : 130046,
		"population2027" : 554481,
		"popGrowthRate%" : 4.1,
		"landArea2020" : 178.8,
		"density2020" : 716,
		"location" : [35.24, -97.35]
	},
	"Columbia, MO" : {
		"name" : "Columbia",
		"state" : "Missouri",
		"population2020" : 126254,
		"population2023" : 129330,
		"population2027" : 771791,
		"popGrowthRate%" : 6.3,
		"landArea2020" : 66.5,
		"density2020" : 1899,
		"location" : [38.95, -92.33]
	},
	"Abilene, TX" : {
		"name" : "Abilene",
		"state" : "Texas",
		"population2020" : 125182,
		"population2023" : 129043,
		"population2027" : 927473,
		"popGrowthRate%" : 7.9,
		"landArea2020" : 106.7,
		"density2020" : 1173,
		"location" : [32.45, -99.74]
	},
	"Athens, GA" : {
		"name" : "Athens",
		"state" : "Georgia",
		"population2020" : 127315,
		"population2023" : 128628,
		"population2027" : 396714,
		"popGrowthRate%" : 2.6,
		"landArea2020" : 116.3,
		"density2020" : 1095,
		"location" : [33.95, -83.37]
	},
	"Pearland, TX" : {
		"name" : "Pearland",
		"state" : "Texas",
		"population2020" : 125828,
		"population2023" : 127736,
		"population2027" : 524577,
		"popGrowthRate%" : 3.9,
		"landArea2020" : 48.7,
		"density2020" : 2584,
		"location" : [29.56, -95.32]
	},
	"Clovis, CA" : {
		"name" : "Clovis",
		"state" : "California",
		"population2020" : 120124,
		"population2023" : 125826,
		"population2027" : 1308391,
		"popGrowthRate%" : 12.2,
		"landArea2020" : 25.4,
		"density2020" : 4729,
		"location" : [36.83, -119.68]
	},
	"Topeka, KS" : {
		"name" : "Topeka",
		"state" : "Kansas",
		"population2020" : 126587,
		"population2023" : 125475,
		"population2027" : -107979,
		"popGrowthRate%" : -2.3,
		"landArea2020" : 61.4,
		"density2020" : 2062,
		"location" : [39.03, -95.69]
	},
	"College Station, TX" : {
		"name" : "College Station",
		"state" : "Texas",
		"population2020" : 120511,
		"population2023" : 125192,
		"population2027" : 1088094,
		"popGrowthRate%" : 9.9,
		"landArea2020" : 51.2,
		"density2020" : 2354,
		"location" : [30.59, -96.30]
	},
	"Simi Valley, CA" : {
		"name" : "Simi Valley",
		"state" : "California",
		"population2020" : 126356,
		"population2023" : 125113,
		"population2027" : -128251,
		"popGrowthRate%" : -2.5,
		"landArea2020" : 41.5,
		"density2020" : 3045,
		"location" : [34.27, -118.75]
	},
	"Allentown, PA" : {
		"name" : "Allentown",
		"state" : "Pennsylvania",
		"population2020" : 125845,
		"population2023" : 124880,
		"population2027" : -76765,
		"popGrowthRate%" : -2.0,
		"landArea2020" : 17.6,
		"density2020" : 7150,
		"location" : [40.59, -75.48]
	},
	"West Palm Beach, FL" : {
		"name" : "West Palm Beach",
		"state" : "Florida",
		"population2020" : 117415,
		"population2023" : 124130,
		"population2027" : 1516650,
		"popGrowthRate%" : 14.7,
		"landArea2020" : 53.8,
		"density2020" : 2182,
		"location" : [26.75, -80.13]
	},
	"Thousand Oaks, CA" : {
		"name" : "Thousand Oaks",
		"state" : "California",
		"population2020" : 126966,
		"population2023" : 123463,
		"population2027" : -601946,
		"popGrowthRate%" : -7.1,
		"landArea2020" : 55.3,
		"density2020" : 2296,
		"location" : [34.19, -118.87]
	},
	"Vallejo, CA" : {
		"name" : "Vallejo",
		"state" : "California",
		"population2020" : 126090,
		"population2023" : 122807,
		"population2027" : -556940,
		"popGrowthRate%" : -6.7,
		"landArea2020" : 30.4,
		"density2020" : 4148,
		"location" : [38.11, -122.26]
	},
	"Wilmington, NC" : {
		"name" : "Wilmington",
		"state" : "North Carolina",
		"population2020" : 115451,
		"population2023" : 122698,
		"population2027" : 1622202,
		"popGrowthRate%" : 16.1,
		"landArea2020" : 51.4,
		"density2020" : 2246,
		"location" : [34.21, -77.89]
	},
	"Rochester, MN" : {
		"name" : "Rochester",
		"state" : "Minnesota",
		"population2020" : 121395,
		"population2023" : 122413,
		"population2027" : 338935,
		"popGrowthRate%" : 2.2,
		"landArea2020" : 55.5,
		"density2020" : 2187,
		"location" : [44.02, -92.48]
	},
	"Concord, CA" : {
		"name" : "Concord",
		"state" : "California",
		"population2020" : 125410,
		"population2023" : 122315,
		"population2027" : -513303,
		"popGrowthRate%" : -6.3,
		"landArea2020" : 30.6,
		"density2020" : 4098,
		"location" : [37.97, -122.00]
	},
	"Lakeland, FL" : {
		"name" : "Lakeland",
		"state" : "Florida",
		"population2020" : 112641,
		"population2023" : 122264,
		"population2027" : 2111906,
		"popGrowthRate%" : 21.9,
		"landArea2020" : 66.2,
		"density2020" : 1702,
		"location" : [28.06, -81.95]
	},
	"North Charleston, SC" : {
		"name" : "North Charleston",
		"state" : "South Carolina",
		"population2020" : 114852,
		"population2023" : 121469,
		"population2027" : 1492846,
		"popGrowthRate%" : 14.8,
		"landArea2020" : 77.6,
		"density2020" : 1480,
		"location" : [32.92, -80.07]
	},
	"Lafayette, LA" : {
		"name" : "Lafayette",
		"state" : "Louisiana",
		"population2020" : 121374,
		"population2023" : 121467,
		"population2027" : 142250,
		"popGrowthRate%" : 0.2,
		"landArea2020" : 55.8,
		"density2020" : 2175,
		"location" : [30.21, -92.03]
	},
	"Arvada, CO" : {
		"name" : "Arvada",
		"state" : "Colorado",
		"population2020" : 124402,
		"population2023" : 121414,
		"population2027" : -499101,
		"popGrowthRate%" : -6.2,
		"landArea2020" : 38.9,
		"density2020" : 3198,
		"location" : [39.83, -105.15]
	},
	"Independence, MO" : {
		"name" : "Independence",
		"state" : "Missouri",
		"population2020" : 123011,
		"population2023" : 120922,
		"population2027" : -314170,
		"popGrowthRate%" : -4.4,
		"landArea2020" : 78.0,
		"density2020" : 1577,
		"location" : [39.09, -94.35]
	},
	"Billings, MT" : {
		"name" : "Billings",
		"state" : "Montana",
		"population2020" : 117116,
		"population2023" : 120864,
		"population2027" : 896172,
		"popGrowthRate%" : 8.2,
		"landArea2020" : 44.8,
		"density2020" : 2614,
		"location" : [45.79, -108.55]
	},
	"Fairfield, CA" : {
		"name" : "Fairfield",
		"state" : "California",
		"population2020" : 119881,
		"population2023" : 120768,
		"population2027" : 305577,
		"popGrowthRate%" : 1.9,
		"landArea2020" : 41.6,
		"density2020" : 2882,
		"location" : [38.26, -122.03]
	},
	"Hartford, CT" : {
		"name" : "Hartford",
		"state" : "Connecticut",
		"population2020" : 121054,
		"population2023" : 119669,
		"population2027" : -162091,
		"popGrowthRate%" : -2.9,
		"landArea2020" : 17.4,
		"density2020" : 6957,
		"location" : [41.77, -72.68]
	},
	"Ann Arbor, MI" : {
		"name" : "Ann Arbor",
		"state" : "Michigan",
		"population2020" : 123851,
		"population2023" : 119381,
		"population2027" : -807880,
		"popGrowthRate%" : -9.3,
		"landArea2020" : 28.2,
		"density2020" : 4392,
		"location" : [42.28, -83.73]
	},
	"Broken Arrow, OK" : {
		"name" : "Broken Arrow",
		"state" : "Oklahoma",
		"population2020" : 113540,
		"population2023" : 119194,
		"population2027" : 1291858,
		"popGrowthRate%" : 12.8,
		"landArea2020" : 63.0,
		"density2020" : 1802,
		"location" : [36.04, -95.78]
	},
	"Berkeley, CA" : {
		"name" : "Berkeley",
		"state" : "California",
		"population2020" : 124321,
		"population2023" : 118962,
		"population2027" : -992206,
		"popGrowthRate%" : -11.1,
		"landArea2020" : 10.4,
		"density2020" : 11954,
		"location" : [37.87, -122.30]
	},
	"Cambridge, MA" : {
		"name" : "Cambridge",
		"state" : "Massachusetts",
		"population2020" : 118403,
		"population2023" : 118214,
		"population2027" : 81224,
		"popGrowthRate%" : -0.4,
		"landArea2020" : 6.4,
		"density2020" : 18500,
		"location" : [42.38, -71.12]
	},
	"Richardson, TX" : {
		"name" : "Richardson",
		"state" : "Texas",
		"population2020" : 119469,
		"population2023" : 117435,
		"population2027" : -305124,
		"popGrowthRate%" : -4.4,
		"landArea2020" : 28.6,
		"density2020" : 4177,
		"location" : [32.97, -96.71]
	},
	"Antioch, CA" : {
		"name" : "Antioch",
		"state" : "California",
		"population2020" : 115291,
		"population2023" : 117096,
		"population2027" : 489987,
		"popGrowthRate%" : 4.0,
		"landArea2020" : 29.2,
		"density2020" : 3948,
		"location" : [37.98, -121.80]
	},
	"High Point, NC" : {
		"name" : "High Point",
		"state" : "North Carolina",
		"population2020" : 114059,
		"population2023" : 116926,
		"population2027" : 706481,
		"popGrowthRate%" : 6.4,
		"landArea2020" : 56.4,
		"density2020" : 2022,
		"location" : [35.99, -79.99]
	},
	"Clearwater, FL" : {
		"name" : "Clearwater",
		"state" : "Florida",
		"population2020" : 117292,
		"population2023" : 116850,
		"population2027" : 23458,
		"popGrowthRate%" : -1.0,
		"landArea2020" : 26.1,
		"density2020" : 4494,
		"location" : [27.98, -82.77]
	},
	"League City, TX" : {
		"name" : "League City",
		"state" : "Texas",
		"population2020" : 114392,
		"population2023" : 116320,
		"population2027" : 513963,
		"popGrowthRate%" : 4.3,
		"landArea2020" : 51.3,
		"density2020" : 2230,
		"location" : [29.49, -95.11]
	},
	"Odessa, TX" : {
		"name" : "Odessa",
		"state" : "Texas",
		"population2020" : 114428,
		"population2023" : 115743,
		"population2027" : 384364,
		"popGrowthRate%" : 2.9,
		"landArea2020" : 51.1,
		"density2020" : 2239,
		"location" : [31.88, -102.35]
	},
	"Manchester, NH" : {
		"name" : "Manchester",
		"state" : "New Hampshire",
		"population2020" : 115644,
		"population2023" : 115474,
		"population2027" : 79332,
		"popGrowthRate%" : -0.4,
		"landArea2020" : 33.1,
		"density2020" : 3494,
		"location" : [42.98, -71.44]
	},
	"Evansville, IN" : {
		"name" : "Evansville",
		"state" : "Indiana",
		"population2020" : 117298,
		"population2023" : 115332,
		"population2027" : -290078,
		"popGrowthRate%" : -4.3,
		"landArea2020" : 47.4,
		"density2020" : 2475,
		"location" : [37.99, -87.53]
	},
	"Waterbury, CT" : {
		"name" : "Waterbury",
		"state" : "Connecticut",
		"population2020" : 114403,
		"population2023" : 114990,
		"population2027" : 236013,
		"popGrowthRate%" : 1.3,
		"landArea2020" : 28.5,
		"density2020" : 4014,
		"location" : [41.56, -73.04]
	},
	"West Jordan, UT" : {
		"name" : "West Jordan",
		"state" : "Utah",
		"population2020" : 116961,
		"population2023" : 114908,
		"population2027" : -308192,
		"popGrowthRate%" : -4.5,
		"landArea2020" : 32.3,
		"density2020" : 3621,
		"location" : [40.60, -112.00]
	},
	"Las Cruces, NM" : {
		"name" : "Las Cruces",
		"state" : "New Mexico",
		"population2020" : 111385,
		"population2023" : 114892,
		"population2027" : 843296,
		"popGrowthRate%" : 8.1,
		"landArea2020" : 76.9,
		"density2020" : 1448,
		"location" : [32.33, -106.79]
	},
	"Westminster, CO" : {
		"name" : "Westminster",
		"state" : "Colorado",
		"population2020" : 116317,
		"population2023" : 114875,
		"population2027" : -184013,
		"popGrowthRate%" : -3.2,
		"landArea2020" : 31.6,
		"density2020" : 3681,
		"location" : [39.88, -105.06]
	},
	"Lowell, MA" : {
		"name" : "Lowell",
		"state" : "Massachusetts",
		"population2020" : 115554,
		"population2023" : 114296,
		"population2027" : -145367,
		"popGrowthRate%" : -2.8,
		"landArea2020" : 13.6,
		"density2020" : 8497,
		"location" : [42.64, -71.32]
	},
	"Nampa, ID" : {
		"name" : "Nampa",
		"state" : "Idaho",
		"population2020" : 100200,
		"population2023" : 114268,
		"population2027" : 3023034,
		"popGrowthRate%" : 36.0,
		"landArea2020" : 33.5,
		"density2020" : 2991,
		"location" : [43.58, -116.56]
	},
	"Richmond, CA" : {
		"name" : "Richmond",
		"state" : "California",
		"population2020" : 116448,
		"population2023" : 114106,
		"population2027" : -372866,
		"popGrowthRate%" : -5.2,
		"landArea2020" : 30.1,
		"density2020" : 3869,
		"location" : [37.95, -122.36]
	},
	"Pompano Beach, FL" : {
		"name" : "Pompano Beach",
		"state" : "Florida",
		"population2020" : 112046,
		"population2023" : 113619,
		"population2027" : 439893,
		"popGrowthRate%" : 3.6,
		"landArea2020" : 24.0,
		"density2020" : 4669,
		"location" : [26.24, -80.13]
	},
	"Carlsbad, CA" : {
		"name" : "Carlsbad",
		"state" : "California",
		"population2020" : 114746,
		"population2023" : 113495,
		"population2027" : -144350,
		"popGrowthRate%" : -2.8,
		"landArea2020" : 37.8,
		"density2020" : 3036,
		"location" : [33.13, -117.28]
	},
	"Menifee, CA" : {
		"name" : "Menifee",
		"state" : "California",
		"population2020" : 102527,
		"population2023" : 113433,
		"population2027" : 2370732,
		"popGrowthRate%" : 27.3,
		"landArea2020" : 46.5,
		"density2020" : 2205,
		"location" : [33.69, -117.18]
	},
	"Provo, UT" : {
		"name" : "Provo",
		"state" : "Utah",
		"population2020" : 115162,
		"population2023" : 113343,
		"population2027" : -266139,
		"popGrowthRate%" : -4.1,
		"landArea2020" : 41.7,
		"density2020" : 2762,
		"location" : [40.25, -111.65]
	},
	"Elgin, IL" : {
		"name" : "Elgin",
		"state" : "Illinois",
		"population2020" : 114797,
		"population2023" : 113310,
		"population2027" : -190907,
		"popGrowthRate%" : -3.3,
		"landArea2020" : 38.0,
		"density2020" : 3021,
		"location" : [42.04, -88.33]
	},
	"Greeley, CO" : {
		"name" : "Greeley",
		"state" : "Colorado",
		"population2020" : 108795,
		"population2023" : 112609,
		"population2027" : 902998,
		"popGrowthRate%" : 9.0,
		"landArea2020" : 48.9,
		"density2020" : 2225,
		"location" : [40.41, -104.77]
	},
	"Springfield, IL" : {
		"name" : "Springfield",
		"state" : "Illinois",
		"population2020" : 114394,
		"population2023" : 112544,
		"population2027" : -273630,
		"popGrowthRate%" : -4.2,
		"landArea2020" : 61.1,
		"density2020" : 1872,
		"location" : [39.79, -89.64]
	},
	"Beaumont, TX" : {
		"name" : "Beaumont",
		"state" : "Texas",
		"population2020" : 115282,
		"population2023" : 112193,
		"population2027" : -527876,
		"popGrowthRate%" : -6.9,
		"landArea2020" : 82.5,
		"density2020" : 1397,
		"location" : [30.08, -94.15]
	},
	"Lansing, MI" : {
		"name" : "Lansing",
		"state" : "Michigan",
		"population2020" : 112644,
		"population2023" : 112115,
		"population2027" : 4280,
		"popGrowthRate%" : -1.2,
		"landArea2020" : 39.1,
		"density2020" : 2881,
		"location" : [42.71, -84.56]
	},
	"Murrieta, CA" : {
		"name" : "Murrieta",
		"state" : "California",
		"population2020" : 110949,
		"population2023" : 111878,
		"population2027" : 309770,
		"popGrowthRate%" : 2.2,
		"landArea2020" : 33.6,
		"density2020" : 3302,
		"location" : [33.57, -117.19]
	},
	"Goodyear, AZ" : {
		"name" : "Goodyear",
		"state" : "Arizona",
		"population2020" : 95294,
		"population2023" : 111805,
		"population2027" : 3523400,
		"popGrowthRate%" : 44.4,
		"landArea2020" : 191.3,
		"density2020" : 498,
		"location" : [33.25, -112.37]
	},
	"Allen, TX" : {
		"name" : "Allen",
		"state" : "Texas",
		"population2020" : 104627,
		"population2023" : 111620,
		"population2027" : 1554862,
		"popGrowthRate%" : 17.1,
		"landArea2020" : 26.4,
		"density2020" : 3963,
		"location" : [33.11, -96.67]
	},
	"Tuscaloosa, AL" : {
		"name" : "Tuscaloosa",
		"state" : "Alabama",
		"population2020" : 99600,
		"population2023" : 111338,
		"population2027" : 2537011,
		"popGrowthRate%" : 30.2,
		"landArea2020" : 61.9,
		"density2020" : 1609,
		"location" : [33.23, -87.53]
	},
	"Everett, WA" : {
		"name" : "Everett",
		"state" : "Washington",
		"population2020" : 110629,
		"population2023" : 111180,
		"population2027" : 228228,
		"popGrowthRate%" : 1.3,
		"landArea2020" : 33.2,
		"density2020" : 3332,
		"location" : [47.95, -122.19]
	},
	"Pueblo, CO" : {
		"name" : "Pueblo",
		"state" : "Colorado",
		"population2020" : 111876,
		"population2023" : 111077,
		"population2027" : -50120,
		"popGrowthRate%" : -1.8,
		"landArea2020" : 55.4,
		"density2020" : 2019,
		"location" : [38.27, -104.61]
	},
	"New Braunfels, TX" : {
		"name" : "New Braunfels",
		"state" : "Texas",
		"population2020" : 90403,
		"population2023" : 110958,
		"population2027" : 4360408,
		"popGrowthRate%" : 58.3,
		"landArea2020" : 45.2,
		"density2020" : 2000,
		"location" : [29.70, -98.12]
	},
	"South Fulton, GA" : {
		"name" : "South Fulton",
		"state" : "Georgia",
		"population2020" : 107436,
		"population2023" : 110920,
		"population2027" : 830803,
		"popGrowthRate%" : 8.3,
		"landArea2020" : 85.2,
		"density2020" : 1261,
		"location" : [33.66, -84.57]
	},
	"Miami Gardens, FL" : {
		"name" : "Miami Gardens",
		"state" : "Florida",
		"population2020" : 111640,
		"population2023" : 110717,
		"population2027" : -77143,
		"popGrowthRate%" : -2.1,
		"landArea2020" : 18.2,
		"density2020" : 6134,
		"location" : [25.95, -80.24]
	},
	"Gresham, OR" : {
		"name" : "Gresham",
		"state" : "Oregon",
		"population2020" : 114247,
		"population2023" : 110685,
		"population2027" : -624931,
		"popGrowthRate%" : -8.0,
		"landArea2020" : 23.5,
		"density2020" : 4862,
		"location" : [45.50, -122.44]
	},
	"Temecula, CA" : {
		"name" : "Temecula",
		"state" : "California",
		"population2020" : 110003,
		"population2023" : 110682,
		"population2027" : 253667,
		"popGrowthRate%" : 1.6,
		"landArea2020" : 37.3,
		"density2020" : 2949,
		"location" : [33.49, -117.13]
	},
	"Rio Rancho, NM" : {
		"name" : "Rio Rancho",
		"state" : "New Mexico",
		"population2020" : 104046,
		"population2023" : 110660,
		"population2027" : 1478806,
		"popGrowthRate%" : 16.3,
		"landArea2020" : 103.4,
		"density2020" : 1006,
		"location" : [35.29, -106.70]
	},
	"Peoria, IL" : {
		"name" : "Peoria",
		"state" : "Illinois",
		"population2020" : 113150,
		"population2023" : 110460,
		"population2027" : -444793,
		"popGrowthRate%" : -6.1,
		"landArea2020" : 48.0,
		"density2020" : 2357,
		"location" : [40.75, -89.62]
	},
	"Tyler, TX" : {
		"name" : "Tyler",
		"state" : "Texas",
		"population2020" : 105995,
		"population2023" : 110327,
		"population2027" : 1008542,
		"popGrowthRate%" : 10.5,
		"landArea2020" : 57.5,
		"density2020" : 1843,
		"location" : [32.32, -95.31]
	},
	"Sparks, NV" : {
		"name" : "Sparks",
		"state" : "Nevada",
		"population2020" : 108445,
		"population2023" : 110323,
		"population2027" : 496027,
		"popGrowthRate%" : 4.4,
		"landArea2020" : 36.4,
		"density2020" : 2979,
		"location" : [39.57, -119.72]
	},
	"Concord, NC" : {
		"name" : "Concord",
		"state" : "North Carolina",
		"population2020" : 105240,
		"population2023" : 110119,
		"population2027" : 1120701,
		"popGrowthRate%" : 11.9,
		"landArea2020" : 63.5,
		"density2020" : 1657,
		"location" : [35.39, -80.64]
	},
	"Santa Maria, CA" : {
		"name" : "Santa Maria",
		"state" : "California",
		"population2020" : 109707,
		"population2023" : 109987,
		"population2027" : 173008,
		"popGrowthRate%" : 0.7,
		"landArea2020" : 22.8,
		"density2020" : 4812,
		"location" : [34.93, -120.44]
	},
	"Ventura, CA" : {
		"name" : "Ventura",
		"state" : "California",
		"population2020" : 110763,
		"population2023" : 109058,
		"population2027" : -238030,
		"popGrowthRate%" : -3.9,
		"landArea2020" : 21.9,
		"density2020" : 5058,
		"location" : [34.27, -119.25]
	},
	"Buckeye, AZ" : {
		"name" : "Buckeye",
		"state" : "Arizona",
		"population2020" : 91502,
		"population2023" : 108909,
		"population2027" : 3709308,
		"popGrowthRate%" : 48.8,
		"landArea2020" : 393.0,
		"density2020" : 233,
		"location" : [33.43, -112.64]
	},
	"Downey, CA" : {
		"name" : "Downey",
		"state" : "California",
		"population2020" : 114355,
		"population2023" : 108816,
		"population2027" : -1033083,
		"popGrowthRate%" : -12.4,
		"landArea2020" : 12.4,
		"density2020" : 9222,
		"location" : [33.94, -118.13]
	},
	"Sugar Land, TX" : {
		"name" : "Sugar Land",
		"state" : "Texas",
		"population2020" : 111026,
		"population2023" : 108515,
		"population2027" : -409464,
		"popGrowthRate%" : -5.8,
		"landArea2020" : 40.5,
		"density2020" : 2741,
		"location" : [29.59, -95.63]
	},
	"Costa Mesa, CA" : {
		"name" : "Costa Mesa",
		"state" : "California",
		"population2020" : 111918,
		"population2023" : 108354,
		"population2027" : -630322,
		"popGrowthRate%" : -8.2,
		"landArea2020" : 15.8,
		"density2020" : 7083,
		"location" : [33.67, -117.91]
	},
	"Conroe, TX" : {
		"name" : "Conroe",
		"state" : "Texas",
		"population2020" : 89956,
		"population2023" : 108248,
		"population2027" : 3887089,
		"popGrowthRate%" : 52.1,
		"landArea2020" : 72.0,
		"density2020" : 1249,
		"location" : [30.32, -95.49]
	},
	"Spokane Valley, WA" : {
		"name" : "Spokane Valley",
		"state" : "Washington",
		"population2020" : 102976,
		"population2023" : 108235,
		"population2027" : 1196684,
		"popGrowthRate%" : 13.1,
		"landArea2020" : 37.7,
		"density2020" : 2731,
		"location" : [47.66, -117.23]
	},
	"Davie, FL" : {
		"name" : "Davie",
		"state" : "Florida",
		"population2020" : 105691,
		"population2023" : 107799,
		"population2027" : 543357,
		"popGrowthRate%" : 5.1,
		"landArea2020" : 34.9,
		"density2020" : 3028,
		"location" : [26.08, -80.28]
	},
	"Hillsboro, OR" : {
		"name" : "Hillsboro",
		"state" : "Oregon",
		"population2020" : 106447,
		"population2023" : 107730,
		"population2027" : 374800,
		"popGrowthRate%" : 3.1,
		"landArea2020" : 25.7,
		"density2020" : 4142,
		"location" : [45.53, -122.94]
	},
	"Jurupa Valley, CA" : {
		"name" : "Jurupa Valley",
		"state" : "California",
		"population2020" : 105053,
		"population2023" : 107321,
		"population2027" : 574115,
		"popGrowthRate%" : 5.5,
		"landArea2020" : 42.9,
		"density2020" : 2449,
		"location" : [34.00, -117.47]
	},
	"Centennial, CO" : {
		"name" : "Centennial",
		"state" : "Colorado",
		"population2020" : 108418,
		"population2023" : 106883,
		"population2027" : -206645,
		"popGrowthRate%" : -3.6,
		"landArea2020" : 29.7,
		"density2020" : 3650,
		"location" : [39.59, -104.87]
	},
	"Edison, NJ" : {
		"name" : "Edison",
		"state" : "New Jersey",
		"population2020" : 107588,
		"population2023" : 106836,
		"population2027" : -48199,
		"popGrowthRate%" : -1.8,
		"landArea2020" : 30.1,
		"density2020" : 3574,
		"location" : [40.50, -74.35]
	},
	"Boulder, CO" : {
		"name" : "Boulder",
		"state" : "Colorado",
		"population2020" : 108250,
		"population2023" : 105898,
		"population2027" : -381690,
		"popGrowthRate%" : -5.6,
		"landArea2020" : 26.3,
		"density2020" : 4116,
		"location" : [40.02, -105.25]
	},
	"Dearborn, MI" : {
		"name" : "Dearborn",
		"state" : "Michigan",
		"population2020" : 109976,
		"population2023" : 105811,
		"population2027" : -753006,
		"popGrowthRate%" : -9.7,
		"landArea2020" : 24.2,
		"density2020" : 4544,
		"location" : [42.31, -83.21]
	},
	"Edinburg, TX" : {
		"name" : "Edinburg",
		"state" : "Texas",
		"population2020" : 100243,
		"population2023" : 105799,
		"population2027" : 1254240,
		"popGrowthRate%" : 14.2,
		"landArea2020" : 44.7,
		"density2020" : 2243,
		"location" : [26.32, -98.16]
	},
	"Sandy Springs, GA" : {
		"name" : "Sandy Springs",
		"state" : "Georgia",
		"population2020" : 108080,
		"population2023" : 105793,
		"population2027" : -363581,
		"popGrowthRate%" : -5.4,
		"landArea2020" : 37.7,
		"density2020" : 2867,
		"location" : [33.93, -84.37]
	},
	"Green Bay, WI" : {
		"name" : "Green Bay",
		"state" : "Wisconsin",
		"population2020" : 107395,
		"population2023" : 105744,
		"population2027" : -230792,
		"popGrowthRate%" : -3.9,
		"landArea2020" : 45.5,
		"density2020" : 2360,
		"location" : [44.52, -87.99]
	},
	"West Covina, CA" : {
		"name" : "West Covina",
		"state" : "California",
		"population2020" : 109501,
		"population2023" : 105617,
		"population2027" : -696536,
		"popGrowthRate%" : -9.1,
		"landArea2020" : 16.0,
		"density2020" : 6844,
		"location" : [34.06, -117.91]
	},
	"Brockton, MA" : {
		"name" : "Brockton",
		"state" : "Massachusetts",
		"population2020" : 105643,
		"population2023" : 104890,
		"population2027" : -47328,
		"popGrowthRate%" : -1.8,
		"landArea2020" : 21.3,
		"density2020" : 4960,
		"location" : [42.08, -71.02]
	},
	"St. George, UT" : {
		"name" : "St. George",
		"state" : "Utah",
		"population2020" : 95342,
		"population2023" : 104578,
		"population2027" : 2011526,
		"popGrowthRate%" : 24.8,
		"landArea2020" : 78.5,
		"density2020" : 1215,
		"location" : [37.08, -113.56]
	},
	"Bend, OR" : {
		"name" : "Bend",
		"state" : "Oregon",
		"population2020" : 99178,
		"population2023" : 104557,
		"population2027" : 1216815,
		"popGrowthRate%" : 13.9,
		"landArea2020" : 33.6,
		"density2020" : 2952,
		"location" : [44.06, -121.31]
	},
	"Renton, WA" : {
		"name" : "Renton",
		"state" : "Washington",
		"population2020" : 106785,
		"population2023" : 104491,
		"population2027" : -367874,
		"popGrowthRate%" : -5.5,
		"landArea2020" : 23.5,
		"density2020" : 4544,
		"location" : [47.48, -122.19]
	},
	"Lee's Summit, MO" : {
		"name" : "Lee's Summit",
		"state" : "Missouri",
		"population2020" : 101108,
		"population2023" : 104184,
		"population2027" : 740919,
		"popGrowthRate%" : 7.8,
		"landArea2020" : 63.9,
		"density2020" : 1582,
		"location" : [38.92, -94.38]
	},
	"Fishers, IN" : {
		"name" : "Fishers",
		"state" : "Indiana",
		"population2020" : 98977,
		"population2023" : 104094,
		"population2027" : 1166246,
		"popGrowthRate%" : 13.3,
		"landArea2020" : 35.6,
		"density2020" : 2780,
		"location" : [39.96, -85.97]
	},
	"El Monte, CA" : {
		"name" : "El Monte",
		"state" : "California",
		"population2020" : 109450,
		"population2023" : 103794,
		"population2027" : -1068560,
		"popGrowthRate%" : -13.3,
		"landArea2020" : 9.6,
		"density2020" : 11401,
		"location" : [34.07, -118.03]
	},
	"South Bend, IN" : {
		"name" : "South Bend",
		"state" : "Indiana",
		"population2020" : 103453,
		"population2023" : 103395,
		"population2027" : 87728,
		"popGrowthRate%" : -0.2,
		"landArea2020" : 42.0,
		"density2020" : 2463,
		"location" : [41.68, -86.27]
	},
	"Rialto, CA" : {
		"name" : "Rialto",
		"state" : "California",
		"population2020" : 104026,
		"population2023" : 103391,
		"population2027" : -29751,
		"popGrowthRate%" : -1.6,
		"landArea2020" : 24.1,
		"density2020" : 4316,
		"location" : [34.12, -117.39]
	},
	"Woodbridge, NJ" : {
		"name" : "Woodbridge",
		"state" : "New Jersey",
		"population2020" : 103639,
		"population2023" : 103194,
		"population2027" : 12333,
		"popGrowthRate%" : -1.1,
		"landArea2020" : 23.3,
		"density2020" : 4448,
		"location" : [40.56, -74.29]
	},
	"El Cajon, CA" : {
		"name" : "El Cajon",
		"state" : "California",
		"population2020" : 106215,
		"population2023" : 102991,
		"population2027" : -563789,
		"popGrowthRate%" : -7.8,
		"landArea2020" : 14.5,
		"density2020" : 7325,
		"location" : [32.80, -116.96]
	},
	"Inglewood, CA" : {
		"name" : "Inglewood",
		"state" : "California",
		"population2020" : 107762,
		"population2023" : 102865,
		"population2027" : -903692,
		"popGrowthRate%" : -11.6,
		"landArea2020" : 9.1,
		"density2020" : 11842,
		"location" : [33.96, -118.34]
	},
	"Burbank, CA" : {
		"name" : "Burbank",
		"state" : "California",
		"population2020" : 107337,
		"population2023" : 102755,
		"population2027" : -839268,
		"popGrowthRate%" : -10.9,
		"landArea2020" : 17.3,
		"density2020" : 6204,
		"location" : [34.19, -118.33]
	},
	"Wichita Falls, TX" : {
		"name" : "Wichita Falls",
		"state" : "Texas",
		"population2020" : 102316,
		"population2023" : 102691,
		"population2027" : 177928,
		"popGrowthRate%" : 0.9,
		"landArea2020" : 72.0,
		"density2020" : 1421,
		"location" : [33.91, -98.53]
	},
	"Vacaville, CA" : {
		"name" : "Vacaville",
		"state" : "California",
		"population2020" : 102386,
		"population2023" : 102526,
		"population2027" : 136583,
		"popGrowthRate%" : 0.4,
		"landArea2020" : 29.9,
		"density2020" : 3424,
		"location" : [38.36, -121.97]
	},
	"Carmel, IN" : {
		"name" : "Carmel",
		"state" : "Indiana",
		"population2020" : 99757,
		"population2023" : 102296,
		"population2027" : 625975,
		"popGrowthRate%" : 6.5,
		"landArea2020" : 49.1,
		"density2020" : 2032,
		"location" : [39.97, -86.15]
	},
	"Palm Coast, FL" : {
		"name" : "Palm Coast",
		"state" : "Florida",
		"population2020" : 89258,
		"population2023" : 102113,
		"population2027" : 2757983,
		"popGrowthRate%" : 36.9,
		"landArea2020" : 95.4,
		"density2020" : 937,
		"location" : [29.54, -81.24]
	},
	"Fayetteville, AR" : {
		"name" : "Fayetteville",
		"state" : "Arkansas",
		"population2020" : 93949,
		"population2023" : 101680,
		"population2027" : 1700571,
		"popGrowthRate%" : 21.1,
		"landArea2020" : 54.1,
		"density2020" : 1737,
		"location" : [36.07, -94.17]
	},
	"Quincy, MA" : {
		"name" : "Quincy",
		"state" : "Massachusetts",
		"population2020" : 101636,
		"population2023" : 101597,
		"population2027" : 94420,
		"popGrowthRate%" : -0.1,
		"landArea2020" : 16.6,
		"density2020" : 6123,
		"location" : [42.26, -71.01]
	},
	"San Mateo, CA" : {
		"name" : "San Mateo",
		"state" : "California",
		"population2020" : 105661,
		"population2023" : 101327,
		"population2027" : -791929,
		"popGrowthRate%" : -10.5,
		"landArea2020" : 12.1,
		"density2020" : 8732,
		"location" : [37.56, -122.31]
	},
	"Chico, CA" : {
		"name" : "Chico",
		"state" : "California",
		"population2020" : 101475,
		"population2023" : 101301,
		"population2027" : 69612,
		"popGrowthRate%" : -0.4,
		"landArea2020" : 34.1,
		"density2020" : 2976,
		"location" : [39.76, -121.82]
	},
	"Lynn, MA" : {
		"name" : "Lynn",
		"state" : "Massachusetts",
		"population2020" : 101253,
		"population2023" : 101241,
		"population2027" : 102266,
		"popGrowthRate%" : 0.0,
		"landArea2020" : 10.7,
		"density2020" : 9463,
		"location" : [42.47, -70.96]
	},
	"Albany, NY" : {
		"name" : "Albany",
		"state" : "New York",
		"population2020" : 99224,
		"population2023" : 101228,
		"population2027" : 518148,
		"popGrowthRate%" : 5.2,
		"landArea2020" : 21.4,
		"density2020" : 4637,
		"location" : [42.67, -73.80]
	},
	"Yuma, AZ" : {
		"name" : "Yuma",
		"state" : "Arizona",
		"population2020" : 95548,
		"population2023" : 100858,
		"population2027" : 1203236,
		"popGrowthRate%" : 14.3,
		"landArea2020" : 120.7,
		"density2020" : 792,
		"location" : [32.52, -114.52]
	},
	"New Bedford, MA" : {
		"name" : "New Bedford",
		"state" : "Massachusetts",
		"population2020" : 101079,
		"population2023" : 100695,
		"population2027" : 20216,
		"popGrowthRate%" : -1.0,
		"landArea2020" : 20.0,
		"density2020" : 5054,
		"location" : [41.66, -70.94]
	},
	"Suffolk, VA" : {
		"name" : "Suffolk",
		"state" : "Virginia",
		"population2020" : 94324,
		"population2023" : 100659,
		"population2027" : 1409389,
		"popGrowthRate%" : 17.2,
		"landArea2020" : 399.2,
		"density2020" : 236,
		"location" : [36.70, -76.63]
	},
	"Hesperia, CA" : {
		"name" : "Hesperia",
		"state" : "California",
		"population2020" : 99818,
		"population2023" : 100633,
		"population2027" : 270607,
		"popGrowthRate%" : 2.1,
		"landArea2020" : 72.7,
		"density2020" : 1373,
		"location" : [34.40, -117.32]
	},
	"Davenport, IA" : {
		"name" : "Davenport",
		"state" : "Iowa",
		"population2020" : 101724,
		"population2023" : 100354,
		"population2027" : -185646,
		"popGrowthRate%" : -3.5,
		"landArea2020" : 63.8,
		"density2020" : 1594,
		"location" : [41.56, -90.60]
	},
}